  [1m[36m (1.7ms)[0m  [1mCREATE TABLE "schema_migrations" ("version" varchar NOT NULL) [0m
  [1m[35m (0.1ms)[0m  select sqlite_version(*)
  [1m[36m (1.6ms)[0m  [1mCREATE UNIQUE INDEX "unique_schema_migrations" ON "schema_migrations" ("version")[0m
  [1m[35mActiveRecord::SchemaMigration Load (0.1ms)[0m  SELECT "schema_migrations".* FROM "schema_migrations"


Started GET "/" for ::1 at 2015-11-17 17:47:54 -0600
Processing by Rails::WelcomeController#index as HTML
  Rendered /Users/admin/.rvm/gems/ruby-2.1.2/gems/railties-4.2.3/lib/rails/templates/rails/welcome/index.html.erb (2.8ms)
Completed 200 OK in 27ms (Views: 19.4ms | ActiveRecord: 0.0ms)
  [1m[36mActiveRecord::SchemaMigration Load (0.1ms)[0m  [1mSELECT "schema_migrations".* FROM "schema_migrations"[0m
Migrating to CreateStudents (1)
  [1m[35m (0.1ms)[0m  begin transaction
  [1m[36m (0.4ms)[0m  [1mCREATE TABLE "students" ("id" INTEGER PRIMARY KEY AUTOINCREMENT NOT NULL, "first_name" varchar, "last_name" varchar, "created_at" datetime NOT NULL, "updated_at" datetime NOT NULL) [0m
  [1m[35mSQL (0.3ms)[0m  INSERT INTO "schema_migrations" ("version") VALUES (?)  [["version", "1"]]
  [1m[36m (1.4ms)[0m  [1mcommit transaction[0m
  [1m[35mActiveRecord::SchemaMigration Load (0.1ms)[0m  SELECT "schema_migrations".* FROM "schema_migrations"
  [1m[36m (0.1ms)[0m  [1mbegin transaction[0m
  [1m[35mSQL (0.3ms)[0m  INSERT INTO "students" ("first_name", "last_name", "created_at", "updated_at") VALUES (?, ?, ?, ?)  [["first_name", "Jordan"], ["last_name", "Hudgens"], ["created_at", "2015-11-18 00:10:55.545365"], ["updated_at", "2015-11-18 00:10:55.545365"]]
  [1m[36m (2.9ms)[0m  [1mcommit transaction[0m
  [1m[35mStudent Load (0.2ms)[0m  SELECT  "students".* FROM "students"  ORDER BY "students"."id" DESC LIMIT 1
  [1m[36m (0.1ms)[0m  [1mbegin transaction[0m
  [1m[35mSQL (0.3ms)[0m  INSERT INTO "students" ("created_at", "updated_at") VALUES (?, ?)  [["created_at", "2015-11-18 00:17:49.095449"], ["updated_at", "2015-11-18 00:17:49.095449"]]
  [1m[36m (1.2ms)[0m  [1mcommit transaction[0m
  [1m[35mStudent Load (0.2ms)[0m  SELECT  "students".* FROM "students"  ORDER BY "students"."id" DESC LIMIT 1
  [1m[36mActiveRecord::SchemaMigration Load (0.1ms)[0m  [1mSELECT "schema_migrations".* FROM "schema_migrations"[0m
  [1m[35mActiveRecord::SchemaMigration Load (0.1ms)[0m  SELECT "schema_migrations".* FROM "schema_migrations"


Started GET "/" for ::1 at 2015-11-18 13:36:42 -0600
  [1m[36mActiveRecord::SchemaMigration Load (0.1ms)[0m  [1mSELECT "schema_migrations".* FROM "schema_migrations"[0m
Processing by Rails::WelcomeController#index as HTML
  Rendered /Users/admin/.rvm/gems/ruby-2.1.2/gems/railties-4.2.3/lib/rails/templates/rails/welcome/index.html.erb (2.4ms)
Completed 200 OK in 39ms (Views: 24.5ms | ActiveRecord: 0.0ms)


Started GET "/" for ::1 at 2015-11-18 13:37:10 -0600
Processing by Rails::WelcomeController#index as HTML
  Rendered /Users/admin/.rvm/gems/ruby-2.1.2/gems/railties-4.2.3/lib/rails/templates/rails/welcome/index.html.erb (0.0ms)
Completed 200 OK in 1ms (Views: 0.7ms | ActiveRecord: 0.0ms)
  [1m[36mActiveRecord::SchemaMigration Load (0.1ms)[0m  [1mSELECT "schema_migrations".* FROM "schema_migrations"[0m
Migrating to CreateSchoolClasses (20170706180052)
  [1m[35m (0.1ms)[0m  begin transaction
  [1m[36m (0.5ms)[0m  [1mCREATE TABLE "school_classes" ("id" INTEGER PRIMARY KEY AUTOINCREMENT NOT NULL, "title" varchar, "room_number" integer, "created_at" datetime NOT NULL, "updated_at" datetime NOT NULL) [0m
  [1m[35mSQL (0.2ms)[0m  INSERT INTO "schema_migrations" ("version") VALUES (?)  [["version", "20170706180052"]]
  [1m[36m (1.3ms)[0m  [1mcommit transaction[0m
  [1m[35mActiveRecord::SchemaMigration Load (0.1ms)[0m  SELECT "schema_migrations".* FROM "schema_migrations"
  [1m[36mActiveRecord::SchemaMigration Load (0.1ms)[0m  [1mSELECT "schema_migrations".* FROM "schema_migrations"[0m


Started GET "/school_classes" for ::1 at 2017-07-06 14:15:52 -0400
  [1m[36mActiveRecord::SchemaMigration Load (0.1ms)[0m  [1mSELECT "schema_migrations".* FROM "schema_migrations"[0m
Processing by SchoolClassesController#index as HTML
Completed 500 Internal Server Error in 29ms (ActiveRecord: 0.0ms)

ActionView::MissingTemplate (Missing template school_classes/index, application/index with {:locale=>[:en], :formats=>[:html], :variants=>[], :handlers=>[:erb, :builder, :raw, :ruby, :coffee, :jbuilder]}. Searched in:
  * "/Users/Peter/Development/rails-form_for-lab-web-060517/app/views"
):
  actionview (4.2.3) lib/action_view/path_set.rb:46:in `find'
  actionview (4.2.3) lib/action_view/lookup_context.rb:121:in `find'
  actionview (4.2.3) lib/action_view/renderer/abstract_renderer.rb:18:in `find_template'
  actionview (4.2.3) lib/action_view/renderer/template_renderer.rb:40:in `determine_template'
  actionview (4.2.3) lib/action_view/renderer/template_renderer.rb:8:in `render'
  actionview (4.2.3) lib/action_view/renderer/renderer.rb:42:in `render_template'
  actionview (4.2.3) lib/action_view/renderer/renderer.rb:23:in `render'
  actionview (4.2.3) lib/action_view/rendering.rb:100:in `_render_template'
  actionpack (4.2.3) lib/action_controller/metal/streaming.rb:217:in `_render_template'
  actionview (4.2.3) lib/action_view/rendering.rb:83:in `render_to_body'
  actionpack (4.2.3) lib/action_controller/metal/rendering.rb:32:in `render_to_body'
  actionpack (4.2.3) lib/action_controller/metal/renderers.rb:37:in `render_to_body'
  actionpack (4.2.3) lib/abstract_controller/rendering.rb:25:in `render'
  actionpack (4.2.3) lib/action_controller/metal/rendering.rb:16:in `render'
  actionpack (4.2.3) lib/action_controller/metal/instrumentation.rb:44:in `block (2 levels) in render'
  activesupport (4.2.3) lib/active_support/core_ext/benchmark.rb:12:in `block in ms'
  /Users/Peter/.rvm/rubies/ruby-2.3.1/lib/ruby/2.3.0/benchmark.rb:308:in `realtime'
  activesupport (4.2.3) lib/active_support/core_ext/benchmark.rb:12:in `ms'
  actionpack (4.2.3) lib/action_controller/metal/instrumentation.rb:44:in `block in render'
  actionpack (4.2.3) lib/action_controller/metal/instrumentation.rb:87:in `cleanup_view_runtime'
  activerecord (4.2.3) lib/active_record/railties/controller_runtime.rb:25:in `cleanup_view_runtime'
  actionpack (4.2.3) lib/action_controller/metal/instrumentation.rb:43:in `render'
  actionpack (4.2.3) lib/action_controller/metal/implicit_render.rb:10:in `default_render'
  actionpack (4.2.3) lib/action_controller/metal/implicit_render.rb:5:in `send_action'
  actionpack (4.2.3) lib/abstract_controller/base.rb:198:in `process_action'
  actionpack (4.2.3) lib/action_controller/metal/rendering.rb:10:in `process_action'
  actionpack (4.2.3) lib/abstract_controller/callbacks.rb:20:in `block in process_action'
  activesupport (4.2.3) lib/active_support/callbacks.rb:115:in `call'
  activesupport (4.2.3) lib/active_support/callbacks.rb:553:in `block (2 levels) in compile'
  activesupport (4.2.3) lib/active_support/callbacks.rb:503:in `call'
  activesupport (4.2.3) lib/active_support/callbacks.rb:88:in `run_callbacks'
  actionpack (4.2.3) lib/abstract_controller/callbacks.rb:19:in `process_action'
  actionpack (4.2.3) lib/action_controller/metal/rescue.rb:29:in `process_action'
  actionpack (4.2.3) lib/action_controller/metal/instrumentation.rb:32:in `block in process_action'
  activesupport (4.2.3) lib/active_support/notifications.rb:164:in `block in instrument'
  activesupport (4.2.3) lib/active_support/notifications/instrumenter.rb:20:in `instrument'
  activesupport (4.2.3) lib/active_support/notifications.rb:164:in `instrument'
  actionpack (4.2.3) lib/action_controller/metal/instrumentation.rb:30:in `process_action'
  actionpack (4.2.3) lib/action_controller/metal/params_wrapper.rb:250:in `process_action'
  activerecord (4.2.3) lib/active_record/railties/controller_runtime.rb:18:in `process_action'
  actionpack (4.2.3) lib/abstract_controller/base.rb:137:in `process'
  actionview (4.2.3) lib/action_view/rendering.rb:30:in `process'
  actionpack (4.2.3) lib/action_controller/metal.rb:196:in `dispatch'
  actionpack (4.2.3) lib/action_controller/metal/rack_delegation.rb:13:in `dispatch'
  actionpack (4.2.3) lib/action_controller/metal.rb:237:in `block in action'
  actionpack (4.2.3) lib/action_dispatch/routing/route_set.rb:76:in `dispatch'
  actionpack (4.2.3) lib/action_dispatch/routing/route_set.rb:45:in `serve'
  actionpack (4.2.3) lib/action_dispatch/journey/router.rb:43:in `block in serve'
  actionpack (4.2.3) lib/action_dispatch/journey/router.rb:30:in `each'
  actionpack (4.2.3) lib/action_dispatch/journey/router.rb:30:in `serve'
  actionpack (4.2.3) lib/action_dispatch/routing/route_set.rb:821:in `call'
  rack (1.6.4) lib/rack/etag.rb:24:in `call'
  rack (1.6.4) lib/rack/conditionalget.rb:25:in `call'
  rack (1.6.4) lib/rack/head.rb:13:in `call'
  actionpack (4.2.3) lib/action_dispatch/middleware/params_parser.rb:27:in `call'
  actionpack (4.2.3) lib/action_dispatch/middleware/flash.rb:260:in `call'
  rack (1.6.4) lib/rack/session/abstract/id.rb:225:in `context'
  rack (1.6.4) lib/rack/session/abstract/id.rb:220:in `call'
  actionpack (4.2.3) lib/action_dispatch/middleware/cookies.rb:560:in `call'
  activerecord (4.2.3) lib/active_record/query_cache.rb:36:in `call'
  activerecord (4.2.3) lib/active_record/connection_adapters/abstract/connection_pool.rb:653:in `call'
  activerecord (4.2.3) lib/active_record/migration.rb:377:in `call'
  actionpack (4.2.3) lib/action_dispatch/middleware/callbacks.rb:29:in `block in call'
  activesupport (4.2.3) lib/active_support/callbacks.rb:84:in `run_callbacks'
  actionpack (4.2.3) lib/action_dispatch/middleware/callbacks.rb:27:in `call'
  actionpack (4.2.3) lib/action_dispatch/middleware/reloader.rb:73:in `call'
  actionpack (4.2.3) lib/action_dispatch/middleware/remote_ip.rb:78:in `call'
  actionpack (4.2.3) lib/action_dispatch/middleware/debug_exceptions.rb:17:in `call'
  web-console (2.2.1) lib/web_console/middleware.rb:39:in `call'
  actionpack (4.2.3) lib/action_dispatch/middleware/show_exceptions.rb:30:in `call'
  railties (4.2.3) lib/rails/rack/logger.rb:38:in `call_app'
  railties (4.2.3) lib/rails/rack/logger.rb:20:in `block in call'
  activesupport (4.2.3) lib/active_support/tagged_logging.rb:68:in `block in tagged'
  activesupport (4.2.3) lib/active_support/tagged_logging.rb:26:in `tagged'
  activesupport (4.2.3) lib/active_support/tagged_logging.rb:68:in `tagged'
  railties (4.2.3) lib/rails/rack/logger.rb:20:in `call'
  actionpack (4.2.3) lib/action_dispatch/middleware/request_id.rb:21:in `call'
  rack (1.6.4) lib/rack/methodoverride.rb:22:in `call'
  rack (1.6.4) lib/rack/runtime.rb:18:in `call'
  activesupport (4.2.3) lib/active_support/cache/strategy/local_cache_middleware.rb:28:in `call'
  rack (1.6.4) lib/rack/lock.rb:17:in `call'
  actionpack (4.2.3) lib/action_dispatch/middleware/static.rb:116:in `call'
  rack (1.6.4) lib/rack/sendfile.rb:113:in `call'
  railties (4.2.3) lib/rails/engine.rb:518:in `call'
  railties (4.2.3) lib/rails/application.rb:165:in `call'
  rack (1.6.4) lib/rack/lock.rb:17:in `call'
  rack (1.6.4) lib/rack/content_length.rb:15:in `call'
  rack (1.6.4) lib/rack/handler/webrick.rb:88:in `service'
  /Users/Peter/.rvm/rubies/ruby-2.3.1/lib/ruby/2.3.0/webrick/httpserver.rb:140:in `service'
  /Users/Peter/.rvm/rubies/ruby-2.3.1/lib/ruby/2.3.0/webrick/httpserver.rb:96:in `run'
  /Users/Peter/.rvm/rubies/ruby-2.3.1/lib/ruby/2.3.0/webrick/server.rb:296:in `block in start_thread'


  Rendered /Users/Peter/.rvm/gems/ruby-2.3.1/gems/actionpack-4.2.3/lib/action_dispatch/middleware/templates/rescues/_source.erb (4.3ms)
  Rendered /Users/Peter/.rvm/gems/ruby-2.3.1/gems/actionpack-4.2.3/lib/action_dispatch/middleware/templates/rescues/_trace.html.erb (2.3ms)
  Rendered /Users/Peter/.rvm/gems/ruby-2.3.1/gems/actionpack-4.2.3/lib/action_dispatch/middleware/templates/rescues/_request_and_response.html.erb (0.8ms)
  Rendered /Users/Peter/.rvm/gems/ruby-2.3.1/gems/actionpack-4.2.3/lib/action_dispatch/middleware/templates/rescues/missing_template.html.erb within rescues/layout (55.2ms)
  Rendered /Users/Peter/.rvm/gems/ruby-2.3.1/gems/web-console-2.2.1/lib/web_console/templates/_markup.html.erb (0.4ms)
  Rendered /Users/Peter/.rvm/gems/ruby-2.3.1/gems/web-console-2.2.1/lib/web_console/templates/_inner_console_markup.html.erb within layouts/inlined_string (0.2ms)
  Rendered /Users/Peter/.rvm/gems/ruby-2.3.1/gems/web-console-2.2.1/lib/web_console/templates/_prompt_box_markup.html.erb within layouts/inlined_string (0.3ms)
  Rendered /Users/Peter/.rvm/gems/ruby-2.3.1/gems/web-console-2.2.1/lib/web_console/templates/style.css.erb within layouts/inlined_string (0.3ms)
  Rendered /Users/Peter/.rvm/gems/ruby-2.3.1/gems/web-console-2.2.1/lib/web_console/templates/console.js.erb within layouts/javascript (45.0ms)
  Rendered /Users/Peter/.rvm/gems/ruby-2.3.1/gems/web-console-2.2.1/lib/web_console/templates/main.js.erb within layouts/javascript (0.2ms)
  Rendered /Users/Peter/.rvm/gems/ruby-2.3.1/gems/web-console-2.2.1/lib/web_console/templates/error_page.js.erb within layouts/javascript (0.3ms)
  Rendered /Users/Peter/.rvm/gems/ruby-2.3.1/gems/web-console-2.2.1/lib/web_console/templates/index.html.erb (116.1ms)


Started GET "/school_classes" for ::1 at 2017-07-06 14:19:36 -0400
Processing by SchoolClassesController#index as HTML
  [1m[35mSchoolClass Load (0.1ms)[0m  SELECT "school_classes".* FROM "school_classes"
  Rendered school_classes/index.html.erb within layouts/application (1.3ms)
Completed 200 OK in 1715ms (Views: 1713.9ms | ActiveRecord: 0.2ms)


Started GET "/assets/school_classes.self-e3b0c44298fc1c149afbf4c8996fb92427ae41e4649b934ca495991b7852b855.css?body=1" for ::1 at 2017-07-06 14:19:37 -0400


Started GET "/assets/students.self-e3b0c44298fc1c149afbf4c8996fb92427ae41e4649b934ca495991b7852b855.css?body=1" for ::1 at 2017-07-06 14:19:37 -0400


Started GET "/assets/school_classes.self-877aef30ae1b040ab8a3aba4e3e309a11d7f2612f44dde450b5c157aa5f95c05.js?body=1" for ::1 at 2017-07-06 14:19:37 -0400


Started GET "/assets/students.self-877aef30ae1b040ab8a3aba4e3e309a11d7f2612f44dde450b5c157aa5f95c05.js?body=1" for ::1 at 2017-07-06 14:19:37 -0400


Started GET "/school_classes/new" for ::1 at 2017-07-06 14:24:21 -0400
Processing by SchoolClassesController#new as HTML
  Rendered school_classes/new.html.erb within layouts/application (2.2ms)
Completed 500 Internal Server Error in 6ms (ActiveRecord: 0.0ms)

ActionView::Template::Error (First argument in form cannot contain nil or be empty):
    1: <h2>Create New Class: </h2>
    2: <%= form_for @school_class do |f| %>
    3: <%= f.text_field :title %>
    4: <%= f.text_field :room_number %>
    5: <%= f.submit %>
  app/views/school_classes/new.html.erb:2:in `_app_views_school_classes_new_html_erb__755234068552227447_70263018849500'


  Rendered /Users/Peter/.rvm/gems/ruby-2.3.1/gems/actionpack-4.2.3/lib/action_dispatch/middleware/templates/rescues/_source.erb (5.7ms)
  Rendered /Users/Peter/.rvm/gems/ruby-2.3.1/gems/actionpack-4.2.3/lib/action_dispatch/middleware/templates/rescues/_trace.html.erb (3.2ms)
  Rendered /Users/Peter/.rvm/gems/ruby-2.3.1/gems/actionpack-4.2.3/lib/action_dispatch/middleware/templates/rescues/_request_and_response.html.erb (1.1ms)
  Rendered /Users/Peter/.rvm/gems/ruby-2.3.1/gems/actionpack-4.2.3/lib/action_dispatch/middleware/templates/rescues/template_error.html.erb within rescues/layout (51.6ms)
  Rendered /Users/Peter/.rvm/gems/ruby-2.3.1/gems/web-console-2.2.1/lib/web_console/templates/_markup.html.erb (0.3ms)
  Rendered /Users/Peter/.rvm/gems/ruby-2.3.1/gems/web-console-2.2.1/lib/web_console/templates/_inner_console_markup.html.erb within layouts/inlined_string (0.3ms)
  Rendered /Users/Peter/.rvm/gems/ruby-2.3.1/gems/web-console-2.2.1/lib/web_console/templates/_prompt_box_markup.html.erb within layouts/inlined_string (0.2ms)
  Rendered /Users/Peter/.rvm/gems/ruby-2.3.1/gems/web-console-2.2.1/lib/web_console/templates/style.css.erb within layouts/inlined_string (0.3ms)
  Rendered /Users/Peter/.rvm/gems/ruby-2.3.1/gems/web-console-2.2.1/lib/web_console/templates/console.js.erb within layouts/javascript (39.2ms)
  Rendered /Users/Peter/.rvm/gems/ruby-2.3.1/gems/web-console-2.2.1/lib/web_console/templates/main.js.erb within layouts/javascript (0.2ms)
  Rendered /Users/Peter/.rvm/gems/ruby-2.3.1/gems/web-console-2.2.1/lib/web_console/templates/error_page.js.erb within layouts/javascript (0.4ms)
  Rendered /Users/Peter/.rvm/gems/ruby-2.3.1/gems/web-console-2.2.1/lib/web_console/templates/index.html.erb (89.6ms)


Started GET "/school_classes/new" for ::1 at 2017-07-06 14:24:36 -0400
Processing by SchoolClassesController#new as HTML
  Rendered school_classes/new.html.erb within layouts/application (26.8ms)
Completed 200 OK in 68ms (Views: 60.1ms | ActiveRecord: 0.4ms)


Started GET "/school_classes/new" for ::1 at 2017-07-06 14:25:08 -0400
Processing by SchoolClassesController#new as HTML
  Rendered school_classes/new.html.erb within layouts/application (1.1ms)
Completed 200 OK in 30ms (Views: 29.7ms | ActiveRecord: 0.0ms)


Started GET "/school_classes/new" for ::1 at 2017-07-06 14:30:01 -0400
Processing by SchoolClassesController#new as HTML
  Rendered school_classes/new.html.erb within layouts/application (1.3ms)
Completed 200 OK in 40ms (Views: 35.1ms | ActiveRecord: 0.4ms)


Started POST "/school_classes" for ::1 at 2017-07-06 14:30:26 -0400
Processing by SchoolClassesController#create as HTML
  Parameters: {"utf8"=>"✓", "authenticity_token"=>"A3wNvsHNmumzHnuvEqZIEbMZoCPRgXkS9HbjzQSwnPt+7VmhXoqQfFweO997oGY4kXaAxEfzOE5TyNZZizwrhw==", "school_class"=>{"title"=>"Ruby", "room_number"=>"1"}, "commit"=>"Create School class"}
  [1m[36m (0.1ms)[0m  [1mbegin transaction[0m
  [1m[35mSQL (0.5ms)[0m  INSERT INTO "school_classes" ("title", "room_number", "created_at", "updated_at") VALUES (?, ?, ?, ?)  [["title", "Ruby"], ["room_number", 1], ["created_at", "2017-07-06 18:30:26.787568"], ["updated_at", "2017-07-06 18:30:26.787568"]]
  [1m[36m (1.2ms)[0m  [1mcommit transaction[0m
Redirected to http://localhost:3000/school_classes/1
Completed 302 Found in 7ms (ActiveRecord: 1.8ms)


Started GET "/school_classes/1" for ::1 at 2017-07-06 14:30:26 -0400
Processing by SchoolClassesController#show as HTML
  Parameters: {"id"=>"1"}
  [1m[35mSchoolClass Load (0.2ms)[0m  SELECT  "school_classes".* FROM "school_classes" WHERE "school_classes"."id" = ? LIMIT 1  [["id", 1]]
  Rendered school_classes/show.html.erb within layouts/application (0.4ms)
Completed 200 OK in 45ms (Views: 30.4ms | ActiveRecord: 0.2ms)


Started GET "/school_classes" for ::1 at 2017-07-06 14:30:30 -0400
Processing by SchoolClassesController#index as HTML
  [1m[36mSchoolClass Load (0.2ms)[0m  [1mSELECT "school_classes".* FROM "school_classes"[0m
  Rendered school_classes/index.html.erb within layouts/application (3.7ms)
Completed 500 Internal Server Error in 8ms (ActiveRecord: 0.2ms)

ActionView::Template::Error (No route matches {:action=>"show", :controller=>"school_classes"} missing required keys: [:id]):
    1: <h2>All Classes: </h2>
    2: <% @school_classes.each do |school_class| %>
    3: <%= link_to school_class.title, school_class_path%>
    4: <% end %>
  app/views/school_classes/index.html.erb:3:in `block in _app_views_school_classes_index_html_erb___4599793000651393543_70262954600920'
  app/views/school_classes/index.html.erb:2:in `_app_views_school_classes_index_html_erb___4599793000651393543_70262954600920'


  Rendered /Users/Peter/.rvm/gems/ruby-2.3.1/gems/actionpack-4.2.3/lib/action_dispatch/middleware/templates/rescues/_source.erb (5.2ms)
  Rendered /Users/Peter/.rvm/gems/ruby-2.3.1/gems/actionpack-4.2.3/lib/action_dispatch/middleware/templates/rescues/_trace.html.erb (2.5ms)
  Rendered /Users/Peter/.rvm/gems/ruby-2.3.1/gems/actionpack-4.2.3/lib/action_dispatch/middleware/templates/rescues/_request_and_response.html.erb (1.3ms)
  Rendered /Users/Peter/.rvm/gems/ruby-2.3.1/gems/actionpack-4.2.3/lib/action_dispatch/middleware/templates/rescues/template_error.html.erb within rescues/layout (51.9ms)
  Rendered /Users/Peter/.rvm/gems/ruby-2.3.1/gems/web-console-2.2.1/lib/web_console/templates/_markup.html.erb (0.4ms)
  Rendered /Users/Peter/.rvm/gems/ruby-2.3.1/gems/web-console-2.2.1/lib/web_console/templates/_inner_console_markup.html.erb within layouts/inlined_string (0.3ms)
  Rendered /Users/Peter/.rvm/gems/ruby-2.3.1/gems/web-console-2.2.1/lib/web_console/templates/_prompt_box_markup.html.erb within layouts/inlined_string (0.3ms)
  Rendered /Users/Peter/.rvm/gems/ruby-2.3.1/gems/web-console-2.2.1/lib/web_console/templates/style.css.erb within layouts/inlined_string (0.3ms)
  Rendered /Users/Peter/.rvm/gems/ruby-2.3.1/gems/web-console-2.2.1/lib/web_console/templates/console.js.erb within layouts/javascript (42.4ms)
  Rendered /Users/Peter/.rvm/gems/ruby-2.3.1/gems/web-console-2.2.1/lib/web_console/templates/main.js.erb within layouts/javascript (0.3ms)
  Rendered /Users/Peter/.rvm/gems/ruby-2.3.1/gems/web-console-2.2.1/lib/web_console/templates/error_page.js.erb within layouts/javascript (0.4ms)
  Rendered /Users/Peter/.rvm/gems/ruby-2.3.1/gems/web-console-2.2.1/lib/web_console/templates/index.html.erb (94.2ms)


Started GET "/school_classes" for ::1 at 2017-07-06 14:31:51 -0400
Processing by SchoolClassesController#index as HTML
  [1m[35mSchoolClass Load (0.1ms)[0m  SELECT "school_classes".* FROM "school_classes"
  Rendered school_classes/index.html.erb within layouts/application (1.1ms)
Completed 200 OK in 30ms (Views: 29.8ms | ActiveRecord: 0.1ms)


Started GET "/school_classes/1" for ::1 at 2017-07-06 14:31:53 -0400
Processing by SchoolClassesController#show as HTML
  Parameters: {"id"=>"1"}
  [1m[36mSchoolClass Load (0.1ms)[0m  [1mSELECT  "school_classes".* FROM "school_classes" WHERE "school_classes"."id" = ? LIMIT 1[0m  [["id", 1]]
  Rendered school_classes/show.html.erb within layouts/application (0.3ms)
Completed 200 OK in 32ms (Views: 31.0ms | ActiveRecord: 0.1ms)


Started GET "/school_classes" for ::1 at 2017-07-06 14:31:55 -0400
Processing by SchoolClassesController#index as HTML
  [1m[35mSchoolClass Load (0.1ms)[0m  SELECT "school_classes".* FROM "school_classes"
  Rendered school_classes/index.html.erb within layouts/application (0.8ms)
Completed 200 OK in 35ms (Views: 34.0ms | ActiveRecord: 0.1ms)


Started GET "/students" for ::1 at 2017-07-06 14:41:21 -0400
Processing by StudentsController#index as HTML
  [1m[36mStudent Load (0.2ms)[0m  [1mSELECT "students".* FROM "students"[0m
  Rendered students/index.html.erb within layouts/application (8.4ms)
Completed 500 Internal Server Error in 14ms (ActiveRecord: 0.5ms)

ActionView::Template::Error (undefined method `+' for nil:NilClass):
    1: <h2>All Students: </h2>
    2: <% @students.each do |student| %>
    3: <%= link_to student.to_s, student_path(student)%>
    4: <% end %>
  app/models/student.rb:14:in `to_s'
  app/views/students/index.html.erb:3:in `block in _app_views_students_index_html_erb___159917911070256556_70262953997860'
  app/views/students/index.html.erb:2:in `_app_views_students_index_html_erb___159917911070256556_70262953997860'


  Rendered /Users/Peter/.rvm/gems/ruby-2.3.1/gems/actionpack-4.2.3/lib/action_dispatch/middleware/templates/rescues/_source.erb (5.2ms)
  Rendered /Users/Peter/.rvm/gems/ruby-2.3.1/gems/actionpack-4.2.3/lib/action_dispatch/middleware/templates/rescues/_trace.html.erb (2.4ms)
  Rendered /Users/Peter/.rvm/gems/ruby-2.3.1/gems/actionpack-4.2.3/lib/action_dispatch/middleware/templates/rescues/_request_and_response.html.erb (1.1ms)
  Rendered /Users/Peter/.rvm/gems/ruby-2.3.1/gems/actionpack-4.2.3/lib/action_dispatch/middleware/templates/rescues/template_error.html.erb within rescues/layout (52.3ms)
  Rendered /Users/Peter/.rvm/gems/ruby-2.3.1/gems/web-console-2.2.1/lib/web_console/templates/_markup.html.erb (0.5ms)
  Rendered /Users/Peter/.rvm/gems/ruby-2.3.1/gems/web-console-2.2.1/lib/web_console/templates/_inner_console_markup.html.erb within layouts/inlined_string (0.4ms)
  Rendered /Users/Peter/.rvm/gems/ruby-2.3.1/gems/web-console-2.2.1/lib/web_console/templates/_prompt_box_markup.html.erb within layouts/inlined_string (0.3ms)
  Rendered /Users/Peter/.rvm/gems/ruby-2.3.1/gems/web-console-2.2.1/lib/web_console/templates/style.css.erb within layouts/inlined_string (0.4ms)
  Rendered /Users/Peter/.rvm/gems/ruby-2.3.1/gems/web-console-2.2.1/lib/web_console/templates/console.js.erb within layouts/javascript (43.1ms)
  Rendered /Users/Peter/.rvm/gems/ruby-2.3.1/gems/web-console-2.2.1/lib/web_console/templates/main.js.erb within layouts/javascript (0.4ms)
  Rendered /Users/Peter/.rvm/gems/ruby-2.3.1/gems/web-console-2.2.1/lib/web_console/templates/error_page.js.erb within layouts/javascript (0.4ms)
  Rendered /Users/Peter/.rvm/gems/ruby-2.3.1/gems/web-console-2.2.1/lib/web_console/templates/index.html.erb (97.1ms)


Started GET "/students" for ::1 at 2017-07-06 14:42:51 -0400
Processing by StudentsController#index as HTML
  [1m[35mStudent Load (0.1ms)[0m  SELECT "students".* FROM "students"
  Rendered students/index.html.erb within layouts/application (3.4ms)
Completed 500 Internal Server Error in 7ms (ActiveRecord: 0.1ms)

ActionView::Template::Error (undefined method `+' for nil:NilClass):
    1: <h2>All Students: </h2>
    2: <% @students.each do |student| %>
    3: <%= link_to student, student_path(student)%>
    4: <% end %>
  app/models/student.rb:14:in `to_s'
  app/views/students/index.html.erb:3:in `block in _app_views_students_index_html_erb___159917911070256556_70262947179720'
  app/views/students/index.html.erb:2:in `_app_views_students_index_html_erb___159917911070256556_70262947179720'


  Rendered /Users/Peter/.rvm/gems/ruby-2.3.1/gems/actionpack-4.2.3/lib/action_dispatch/middleware/templates/rescues/_source.erb (7.1ms)
  Rendered /Users/Peter/.rvm/gems/ruby-2.3.1/gems/actionpack-4.2.3/lib/action_dispatch/middleware/templates/rescues/_trace.html.erb (2.3ms)
  Rendered /Users/Peter/.rvm/gems/ruby-2.3.1/gems/actionpack-4.2.3/lib/action_dispatch/middleware/templates/rescues/_request_and_response.html.erb (0.6ms)
  Rendered /Users/Peter/.rvm/gems/ruby-2.3.1/gems/actionpack-4.2.3/lib/action_dispatch/middleware/templates/rescues/template_error.html.erb within rescues/layout (52.5ms)
  Rendered /Users/Peter/.rvm/gems/ruby-2.3.1/gems/web-console-2.2.1/lib/web_console/templates/_markup.html.erb (0.4ms)
  Rendered /Users/Peter/.rvm/gems/ruby-2.3.1/gems/web-console-2.2.1/lib/web_console/templates/_inner_console_markup.html.erb within layouts/inlined_string (0.4ms)
  Rendered /Users/Peter/.rvm/gems/ruby-2.3.1/gems/web-console-2.2.1/lib/web_console/templates/_prompt_box_markup.html.erb within layouts/inlined_string (0.2ms)
  Rendered /Users/Peter/.rvm/gems/ruby-2.3.1/gems/web-console-2.2.1/lib/web_console/templates/style.css.erb within layouts/inlined_string (0.3ms)
  Rendered /Users/Peter/.rvm/gems/ruby-2.3.1/gems/web-console-2.2.1/lib/web_console/templates/console.js.erb within layouts/javascript (41.1ms)
  Rendered /Users/Peter/.rvm/gems/ruby-2.3.1/gems/web-console-2.2.1/lib/web_console/templates/main.js.erb within layouts/javascript (0.2ms)
  Rendered /Users/Peter/.rvm/gems/ruby-2.3.1/gems/web-console-2.2.1/lib/web_console/templates/error_page.js.erb within layouts/javascript (0.3ms)
  Rendered /Users/Peter/.rvm/gems/ruby-2.3.1/gems/web-console-2.2.1/lib/web_console/templates/index.html.erb (88.8ms)


Started GET "/students" for ::1 at 2017-07-06 14:43:16 -0400
Processing by StudentsController#index as HTML
  [1m[36mStudent Load (0.1ms)[0m  [1mSELECT "students".* FROM "students"[0m
  Rendered students/index.html.erb within layouts/application (1.0ms)
Completed 200 OK in 35ms (Views: 33.9ms | ActiveRecord: 0.1ms)


Started GET "/students/1" for ::1 at 2017-07-06 14:43:21 -0400
Processing by StudentsController#show as HTML
  Parameters: {"id"=>"1"}
  [1m[35mStudent Load (0.1ms)[0m  SELECT  "students".* FROM "students" WHERE "students"."id" = ? LIMIT 1  [["id", 1]]
  Rendered students/show.html.erb within layouts/application (3.0ms)
Completed 500 Internal Server Error in 7ms (ActiveRecord: 0.1ms)

ActionView::Template::Error (undefined method `title' for nil:NilClass):
    1: <h2><%= @school_class.title %></h2>
    2: <h1><%= @school_class.room_number %></h1>
  app/views/students/show.html.erb:1:in `_app_views_students_show_html_erb___4606543742165733472_70262952507640'


  Rendered /Users/Peter/.rvm/gems/ruby-2.3.1/gems/actionpack-4.2.3/lib/action_dispatch/middleware/templates/rescues/_source.erb (5.1ms)
  Rendered /Users/Peter/.rvm/gems/ruby-2.3.1/gems/actionpack-4.2.3/lib/action_dispatch/middleware/templates/rescues/_trace.html.erb (2.2ms)
  Rendered /Users/Peter/.rvm/gems/ruby-2.3.1/gems/actionpack-4.2.3/lib/action_dispatch/middleware/templates/rescues/_request_and_response.html.erb (0.8ms)
  Rendered /Users/Peter/.rvm/gems/ruby-2.3.1/gems/actionpack-4.2.3/lib/action_dispatch/middleware/templates/rescues/template_error.html.erb within rescues/layout (50.2ms)
  Rendered /Users/Peter/.rvm/gems/ruby-2.3.1/gems/web-console-2.2.1/lib/web_console/templates/_markup.html.erb (0.4ms)
  Rendered /Users/Peter/.rvm/gems/ruby-2.3.1/gems/web-console-2.2.1/lib/web_console/templates/_inner_console_markup.html.erb within layouts/inlined_string (0.4ms)
  Rendered /Users/Peter/.rvm/gems/ruby-2.3.1/gems/web-console-2.2.1/lib/web_console/templates/_prompt_box_markup.html.erb within layouts/inlined_string (0.3ms)
  Rendered /Users/Peter/.rvm/gems/ruby-2.3.1/gems/web-console-2.2.1/lib/web_console/templates/style.css.erb within layouts/inlined_string (0.4ms)
  Rendered /Users/Peter/.rvm/gems/ruby-2.3.1/gems/web-console-2.2.1/lib/web_console/templates/console.js.erb within layouts/javascript (41.7ms)
  Rendered /Users/Peter/.rvm/gems/ruby-2.3.1/gems/web-console-2.2.1/lib/web_console/templates/main.js.erb within layouts/javascript (0.2ms)
  Rendered /Users/Peter/.rvm/gems/ruby-2.3.1/gems/web-console-2.2.1/lib/web_console/templates/error_page.js.erb within layouts/javascript (0.3ms)
  Rendered /Users/Peter/.rvm/gems/ruby-2.3.1/gems/web-console-2.2.1/lib/web_console/templates/index.html.erb (92.6ms)


Started GET "/students/1" for ::1 at 2017-07-06 14:43:21 -0400
Processing by StudentsController#show as HTML
  Parameters: {"id"=>"1"}
  [1m[36mStudent Load (0.1ms)[0m  [1mSELECT  "students".* FROM "students" WHERE "students"."id" = ? LIMIT 1[0m  [["id", 1]]
  Rendered students/show.html.erb within layouts/application (2.9ms)
Completed 500 Internal Server Error in 6ms (ActiveRecord: 0.1ms)

ActionView::Template::Error (undefined method `title' for nil:NilClass):
    1: <h2><%= @school_class.title %></h2>
    2: <h1><%= @school_class.room_number %></h1>
  app/views/students/show.html.erb:1:in `_app_views_students_show_html_erb___4606543742165733472_70262968037360'


  Rendered /Users/Peter/.rvm/gems/ruby-2.3.1/gems/actionpack-4.2.3/lib/action_dispatch/middleware/templates/rescues/_source.erb (4.4ms)
  Rendered /Users/Peter/.rvm/gems/ruby-2.3.1/gems/actionpack-4.2.3/lib/action_dispatch/middleware/templates/rescues/_trace.html.erb (2.2ms)
  Rendered /Users/Peter/.rvm/gems/ruby-2.3.1/gems/actionpack-4.2.3/lib/action_dispatch/middleware/templates/rescues/_request_and_response.html.erb (0.8ms)
  Rendered /Users/Peter/.rvm/gems/ruby-2.3.1/gems/actionpack-4.2.3/lib/action_dispatch/middleware/templates/rescues/template_error.html.erb within rescues/layout (50.1ms)
  Rendered /Users/Peter/.rvm/gems/ruby-2.3.1/gems/web-console-2.2.1/lib/web_console/templates/_markup.html.erb (0.3ms)
  Rendered /Users/Peter/.rvm/gems/ruby-2.3.1/gems/web-console-2.2.1/lib/web_console/templates/_inner_console_markup.html.erb within layouts/inlined_string (0.4ms)
  Rendered /Users/Peter/.rvm/gems/ruby-2.3.1/gems/web-console-2.2.1/lib/web_console/templates/_prompt_box_markup.html.erb within layouts/inlined_string (0.2ms)
  Rendered /Users/Peter/.rvm/gems/ruby-2.3.1/gems/web-console-2.2.1/lib/web_console/templates/style.css.erb within layouts/inlined_string (0.3ms)
  Rendered /Users/Peter/.rvm/gems/ruby-2.3.1/gems/web-console-2.2.1/lib/web_console/templates/console.js.erb within layouts/javascript (40.0ms)
  Rendered /Users/Peter/.rvm/gems/ruby-2.3.1/gems/web-console-2.2.1/lib/web_console/templates/main.js.erb within layouts/javascript (0.3ms)
  Rendered /Users/Peter/.rvm/gems/ruby-2.3.1/gems/web-console-2.2.1/lib/web_console/templates/error_page.js.erb within layouts/javascript (0.3ms)
  Rendered /Users/Peter/.rvm/gems/ruby-2.3.1/gems/web-console-2.2.1/lib/web_console/templates/index.html.erb (88.1ms)


Started GET "/students" for ::1 at 2017-07-06 14:43:57 -0400
Processing by StudentsController#index as HTML
  [1m[35mStudent Load (0.1ms)[0m  SELECT "students".* FROM "students"
  Rendered students/index.html.erb within layouts/application (3.4ms)
Completed 500 Internal Server Error in 7ms (ActiveRecord: 0.1ms)

ActionView::Template::Error (undefined method `+' for nil:NilClass):
    1: <h2>All Students: </h2>
    2: <% @students.each do |student| %>
    3: <%= link_to student.to_s, student_path(student)%>
    4: <% end %>
  app/models/student.rb:14:in `to_s'
  app/views/students/index.html.erb:3:in `block in _app_views_students_index_html_erb___159917911070256556_70262954455480'
  app/views/students/index.html.erb:2:in `_app_views_students_index_html_erb___159917911070256556_70262954455480'


  Rendered /Users/Peter/.rvm/gems/ruby-2.3.1/gems/actionpack-4.2.3/lib/action_dispatch/middleware/templates/rescues/_source.erb (5.3ms)
  Rendered /Users/Peter/.rvm/gems/ruby-2.3.1/gems/actionpack-4.2.3/lib/action_dispatch/middleware/templates/rescues/_trace.html.erb (2.3ms)
  Rendered /Users/Peter/.rvm/gems/ruby-2.3.1/gems/actionpack-4.2.3/lib/action_dispatch/middleware/templates/rescues/_request_and_response.html.erb (0.8ms)
  Rendered /Users/Peter/.rvm/gems/ruby-2.3.1/gems/actionpack-4.2.3/lib/action_dispatch/middleware/templates/rescues/template_error.html.erb within rescues/layout (49.7ms)
  Rendered /Users/Peter/.rvm/gems/ruby-2.3.1/gems/web-console-2.2.1/lib/web_console/templates/_markup.html.erb (0.3ms)
  Rendered /Users/Peter/.rvm/gems/ruby-2.3.1/gems/web-console-2.2.1/lib/web_console/templates/_inner_console_markup.html.erb within layouts/inlined_string (0.4ms)
  Rendered /Users/Peter/.rvm/gems/ruby-2.3.1/gems/web-console-2.2.1/lib/web_console/templates/_prompt_box_markup.html.erb within layouts/inlined_string (0.3ms)
  Rendered /Users/Peter/.rvm/gems/ruby-2.3.1/gems/web-console-2.2.1/lib/web_console/templates/style.css.erb within layouts/inlined_string (0.4ms)
  Rendered /Users/Peter/.rvm/gems/ruby-2.3.1/gems/web-console-2.2.1/lib/web_console/templates/console.js.erb within layouts/javascript (39.6ms)
  Rendered /Users/Peter/.rvm/gems/ruby-2.3.1/gems/web-console-2.2.1/lib/web_console/templates/main.js.erb within layouts/javascript (0.3ms)
  Rendered /Users/Peter/.rvm/gems/ruby-2.3.1/gems/web-console-2.2.1/lib/web_console/templates/error_page.js.erb within layouts/javascript (0.4ms)
  Rendered /Users/Peter/.rvm/gems/ruby-2.3.1/gems/web-console-2.2.1/lib/web_console/templates/index.html.erb (89.7ms)


Started GET "/students/new" for ::1 at 2017-07-06 14:44:02 -0400
Processing by StudentsController#new as HTML
  Rendered students/new.html.erb within layouts/application (2.0ms)
Completed 500 Internal Server Error in 5ms (ActiveRecord: 0.0ms)

ActionView::Template::Error (First argument in form cannot contain nil or be empty):
    1: <h2>Create New Class: </h2>
    2: <%= form_for @school_class do |f| %>
    3: Title: <%= f.text_field :title %><br>
    4: Room Number: <%= f.text_field :room_number %><br>
    5: <%= f.submit %>
  app/views/students/new.html.erb:2:in `_app_views_students_new_html_erb__894840475920593376_70262960865420'


  Rendered /Users/Peter/.rvm/gems/ruby-2.3.1/gems/actionpack-4.2.3/lib/action_dispatch/middleware/templates/rescues/_source.erb (4.7ms)
  Rendered /Users/Peter/.rvm/gems/ruby-2.3.1/gems/actionpack-4.2.3/lib/action_dispatch/middleware/templates/rescues/_trace.html.erb (2.0ms)
  Rendered /Users/Peter/.rvm/gems/ruby-2.3.1/gems/actionpack-4.2.3/lib/action_dispatch/middleware/templates/rescues/_request_and_response.html.erb (0.9ms)
  Rendered /Users/Peter/.rvm/gems/ruby-2.3.1/gems/actionpack-4.2.3/lib/action_dispatch/middleware/templates/rescues/template_error.html.erb within rescues/layout (51.6ms)
  Rendered /Users/Peter/.rvm/gems/ruby-2.3.1/gems/web-console-2.2.1/lib/web_console/templates/_markup.html.erb (0.3ms)
  Rendered /Users/Peter/.rvm/gems/ruby-2.3.1/gems/web-console-2.2.1/lib/web_console/templates/_inner_console_markup.html.erb within layouts/inlined_string (0.4ms)
  Rendered /Users/Peter/.rvm/gems/ruby-2.3.1/gems/web-console-2.2.1/lib/web_console/templates/_prompt_box_markup.html.erb within layouts/inlined_string (0.3ms)
  Rendered /Users/Peter/.rvm/gems/ruby-2.3.1/gems/web-console-2.2.1/lib/web_console/templates/style.css.erb within layouts/inlined_string (0.4ms)
  Rendered /Users/Peter/.rvm/gems/ruby-2.3.1/gems/web-console-2.2.1/lib/web_console/templates/console.js.erb within layouts/javascript (40.0ms)
  Rendered /Users/Peter/.rvm/gems/ruby-2.3.1/gems/web-console-2.2.1/lib/web_console/templates/main.js.erb within layouts/javascript (0.4ms)
  Rendered /Users/Peter/.rvm/gems/ruby-2.3.1/gems/web-console-2.2.1/lib/web_console/templates/error_page.js.erb within layouts/javascript (0.4ms)
  Rendered /Users/Peter/.rvm/gems/ruby-2.3.1/gems/web-console-2.2.1/lib/web_console/templates/index.html.erb (91.7ms)


Started GET "/students/new" for ::1 at 2017-07-06 14:46:31 -0400
Processing by StudentsController#new as HTML
  Rendered students/new.html.erb within layouts/application (1.5ms)
Completed 200 OK in 29ms (Views: 28.6ms | ActiveRecord: 0.0ms)


Started GET "/students" for ::1 at 2017-07-06 14:46:34 -0400
Processing by StudentsController#index as HTML
  [1m[36mStudent Load (0.1ms)[0m  [1mSELECT "students".* FROM "students"[0m
  Rendered students/index.html.erb within layouts/application (3.0ms)
Completed 500 Internal Server Error in 6ms (ActiveRecord: 0.1ms)

ActionView::Template::Error (undefined method `+' for nil:NilClass):
    1: <h2>All Students: </h2>
    2: <% @students.each do |student| %>
    3: <%= link_to student.to_s, student_path(student)%>
    4: <% end %>
  app/models/student.rb:14:in `to_s'
  app/views/students/index.html.erb:3:in `block in _app_views_students_index_html_erb___159917911070256556_70262954455480'
  app/views/students/index.html.erb:2:in `_app_views_students_index_html_erb___159917911070256556_70262954455480'


  Rendered /Users/Peter/.rvm/gems/ruby-2.3.1/gems/actionpack-4.2.3/lib/action_dispatch/middleware/templates/rescues/_source.erb (5.5ms)
  Rendered /Users/Peter/.rvm/gems/ruby-2.3.1/gems/actionpack-4.2.3/lib/action_dispatch/middleware/templates/rescues/_trace.html.erb (3.2ms)
  Rendered /Users/Peter/.rvm/gems/ruby-2.3.1/gems/actionpack-4.2.3/lib/action_dispatch/middleware/templates/rescues/_request_and_response.html.erb (1.1ms)
  Rendered /Users/Peter/.rvm/gems/ruby-2.3.1/gems/actionpack-4.2.3/lib/action_dispatch/middleware/templates/rescues/template_error.html.erb within rescues/layout (51.4ms)
  Rendered /Users/Peter/.rvm/gems/ruby-2.3.1/gems/web-console-2.2.1/lib/web_console/templates/_markup.html.erb (0.4ms)
  Rendered /Users/Peter/.rvm/gems/ruby-2.3.1/gems/web-console-2.2.1/lib/web_console/templates/_inner_console_markup.html.erb within layouts/inlined_string (0.3ms)
  Rendered /Users/Peter/.rvm/gems/ruby-2.3.1/gems/web-console-2.2.1/lib/web_console/templates/_prompt_box_markup.html.erb within layouts/inlined_string (0.3ms)
  Rendered /Users/Peter/.rvm/gems/ruby-2.3.1/gems/web-console-2.2.1/lib/web_console/templates/style.css.erb within layouts/inlined_string (0.6ms)
  Rendered /Users/Peter/.rvm/gems/ruby-2.3.1/gems/web-console-2.2.1/lib/web_console/templates/console.js.erb within layouts/javascript (43.6ms)
  Rendered /Users/Peter/.rvm/gems/ruby-2.3.1/gems/web-console-2.2.1/lib/web_console/templates/main.js.erb within layouts/javascript (0.4ms)
  Rendered /Users/Peter/.rvm/gems/ruby-2.3.1/gems/web-console-2.2.1/lib/web_console/templates/error_page.js.erb within layouts/javascript (0.5ms)
  Rendered /Users/Peter/.rvm/gems/ruby-2.3.1/gems/web-console-2.2.1/lib/web_console/templates/index.html.erb (92.2ms)


Started GET "/students/new" for ::1 at 2017-07-06 14:46:38 -0400
Processing by StudentsController#new as HTML
  Rendered students/new.html.erb within layouts/application (1.6ms)
Completed 200 OK in 49ms (Views: 48.5ms | ActiveRecord: 0.0ms)


Started POST "/students" for ::1 at 2017-07-06 14:46:42 -0400
Processing by StudentsController#create as HTML
  Parameters: {"utf8"=>"✓", "authenticity_token"=>"3pyIzhcok3xFcWaqgyUbLzbHzpUa36kxsv5vHSjTy1SjDdzRiG+Z6apxJtrqIzUGFKjucoyt6G0VQFqJp198KA==", "student"=>{"first_name"=>"Peter", "last_name"=>"Papadim"}, "commit"=>"Create Student"}
  [1m[35m (0.1ms)[0m  begin transaction
  [1m[36mSQL (0.3ms)[0m  [1mINSERT INTO "students" ("first_name", "last_name", "created_at", "updated_at") VALUES (?, ?, ?, ?)[0m  [["first_name", "Peter"], ["last_name", "Papadim"], ["created_at", "2017-07-06 18:46:42.408170"], ["updated_at", "2017-07-06 18:46:42.408170"]]
  [1m[35m (1.2ms)[0m  commit transaction
Redirected to http://localhost:3000/students/3
Completed 302 Found in 4ms (ActiveRecord: 1.5ms)


Started GET "/students/3" for ::1 at 2017-07-06 14:46:42 -0400
Processing by StudentsController#show as HTML
  Parameters: {"id"=>"3"}
  [1m[36mStudent Load (0.1ms)[0m  [1mSELECT  "students".* FROM "students" WHERE "students"."id" = ? LIMIT 1[0m  [["id", 3]]
  Rendered students/show.html.erb within layouts/application (2.1ms)
Completed 500 Internal Server Error in 7ms (ActiveRecord: 0.1ms)

ActionView::Template::Error (wrong number of arguments (given 1, expected 0)):
    1: <h2><%= @student.first_name @student.last_name %></h2>
  app/views/students/show.html.erb:1:in `_app_views_students_show_html_erb___4606543742165733472_70262962842600'


  Rendered /Users/Peter/.rvm/gems/ruby-2.3.1/gems/actionpack-4.2.3/lib/action_dispatch/middleware/templates/rescues/_source.erb (5.3ms)
  Rendered /Users/Peter/.rvm/gems/ruby-2.3.1/gems/actionpack-4.2.3/lib/action_dispatch/middleware/templates/rescues/_trace.html.erb (2.2ms)
  Rendered /Users/Peter/.rvm/gems/ruby-2.3.1/gems/actionpack-4.2.3/lib/action_dispatch/middleware/templates/rescues/_request_and_response.html.erb (0.9ms)
  Rendered /Users/Peter/.rvm/gems/ruby-2.3.1/gems/actionpack-4.2.3/lib/action_dispatch/middleware/templates/rescues/template_error.html.erb within rescues/layout (48.9ms)
  Rendered /Users/Peter/.rvm/gems/ruby-2.3.1/gems/web-console-2.2.1/lib/web_console/templates/_markup.html.erb (0.4ms)
  Rendered /Users/Peter/.rvm/gems/ruby-2.3.1/gems/web-console-2.2.1/lib/web_console/templates/_inner_console_markup.html.erb within layouts/inlined_string (0.5ms)
  Rendered /Users/Peter/.rvm/gems/ruby-2.3.1/gems/web-console-2.2.1/lib/web_console/templates/_prompt_box_markup.html.erb within layouts/inlined_string (0.3ms)
  Rendered /Users/Peter/.rvm/gems/ruby-2.3.1/gems/web-console-2.2.1/lib/web_console/templates/style.css.erb within layouts/inlined_string (0.4ms)
  Rendered /Users/Peter/.rvm/gems/ruby-2.3.1/gems/web-console-2.2.1/lib/web_console/templates/console.js.erb within layouts/javascript (39.7ms)
  Rendered /Users/Peter/.rvm/gems/ruby-2.3.1/gems/web-console-2.2.1/lib/web_console/templates/main.js.erb within layouts/javascript (0.3ms)
  Rendered /Users/Peter/.rvm/gems/ruby-2.3.1/gems/web-console-2.2.1/lib/web_console/templates/error_page.js.erb within layouts/javascript (0.4ms)
  Rendered /Users/Peter/.rvm/gems/ruby-2.3.1/gems/web-console-2.2.1/lib/web_console/templates/index.html.erb (90.9ms)


Started GET "/students/3" for ::1 at 2017-07-06 14:47:14 -0400
Processing by StudentsController#show as HTML
  Parameters: {"id"=>"3"}
  [1m[35mStudent Load (0.1ms)[0m  SELECT  "students".* FROM "students" WHERE "students"."id" = ? LIMIT 1  [["id", 3]]
  Rendered students/show.html.erb within layouts/application (0.4ms)
Completed 200 OK in 29ms (Views: 28.2ms | ActiveRecord: 0.1ms)


Started GET "/students" for ::1 at 2017-07-06 14:47:16 -0400
Processing by StudentsController#index as HTML
  [1m[36mStudent Load (0.1ms)[0m  [1mSELECT "students".* FROM "students"[0m
  Rendered students/index.html.erb within layouts/application (3.2ms)
Completed 500 Internal Server Error in 6ms (ActiveRecord: 0.1ms)

ActionView::Template::Error (undefined method `+' for nil:NilClass):
    1: <h2>All Students: </h2>
    2: <% @students.each do |student| %>
    3: <%= link_to student.to_s, student_path(student)%>
    4: <% end %>
  app/models/student.rb:14:in `to_s'
  app/views/students/index.html.erb:3:in `block in _app_views_students_index_html_erb___159917911070256556_70262954455480'
  app/views/students/index.html.erb:2:in `_app_views_students_index_html_erb___159917911070256556_70262954455480'


  Rendered /Users/Peter/.rvm/gems/ruby-2.3.1/gems/actionpack-4.2.3/lib/action_dispatch/middleware/templates/rescues/_source.erb (5.8ms)
  Rendered /Users/Peter/.rvm/gems/ruby-2.3.1/gems/actionpack-4.2.3/lib/action_dispatch/middleware/templates/rescues/_trace.html.erb (2.2ms)
  Rendered /Users/Peter/.rvm/gems/ruby-2.3.1/gems/actionpack-4.2.3/lib/action_dispatch/middleware/templates/rescues/_request_and_response.html.erb (0.9ms)
  Rendered /Users/Peter/.rvm/gems/ruby-2.3.1/gems/actionpack-4.2.3/lib/action_dispatch/middleware/templates/rescues/template_error.html.erb within rescues/layout (50.7ms)
  Rendered /Users/Peter/.rvm/gems/ruby-2.3.1/gems/web-console-2.2.1/lib/web_console/templates/_markup.html.erb (0.3ms)
  Rendered /Users/Peter/.rvm/gems/ruby-2.3.1/gems/web-console-2.2.1/lib/web_console/templates/_inner_console_markup.html.erb within layouts/inlined_string (0.3ms)
  Rendered /Users/Peter/.rvm/gems/ruby-2.3.1/gems/web-console-2.2.1/lib/web_console/templates/_prompt_box_markup.html.erb within layouts/inlined_string (0.3ms)
  Rendered /Users/Peter/.rvm/gems/ruby-2.3.1/gems/web-console-2.2.1/lib/web_console/templates/style.css.erb within layouts/inlined_string (0.3ms)
  Rendered /Users/Peter/.rvm/gems/ruby-2.3.1/gems/web-console-2.2.1/lib/web_console/templates/console.js.erb within layouts/javascript (41.4ms)
  Rendered /Users/Peter/.rvm/gems/ruby-2.3.1/gems/web-console-2.2.1/lib/web_console/templates/main.js.erb within layouts/javascript (0.4ms)
  Rendered /Users/Peter/.rvm/gems/ruby-2.3.1/gems/web-console-2.2.1/lib/web_console/templates/error_page.js.erb within layouts/javascript (0.5ms)
  Rendered /Users/Peter/.rvm/gems/ruby-2.3.1/gems/web-console-2.2.1/lib/web_console/templates/index.html.erb (92.8ms)


Started GET "/students" for ::1 at 2017-07-06 14:49:59 -0400
Processing by StudentsController#index as HTML
  [1m[35mStudent Load (0.1ms)[0m  SELECT "students".* FROM "students"
  Rendered students/index.html.erb within layouts/application (3.6ms)
Completed 500 Internal Server Error in 7ms (ActiveRecord: 0.1ms)

ActionView::Template::Error (undefined method `+' for nil:NilClass):
    1: <h2>All Students: </h2>
    2: <% @students.each do |student| %>
    3: <%= link_to student.to_s, student_path(student)%>
    4: <% end %>
  app/models/student.rb:14:in `to_s'
  app/views/students/index.html.erb:3:in `block in _app_views_students_index_html_erb___159917911070256556_70263000367260'
  app/views/students/index.html.erb:2:in `_app_views_students_index_html_erb___159917911070256556_70263000367260'


  Rendered /Users/Peter/.rvm/gems/ruby-2.3.1/gems/actionpack-4.2.3/lib/action_dispatch/middleware/templates/rescues/_source.erb (5.2ms)
  Rendered /Users/Peter/.rvm/gems/ruby-2.3.1/gems/actionpack-4.2.3/lib/action_dispatch/middleware/templates/rescues/_trace.html.erb (9.1ms)
  Rendered /Users/Peter/.rvm/gems/ruby-2.3.1/gems/actionpack-4.2.3/lib/action_dispatch/middleware/templates/rescues/_request_and_response.html.erb (1.2ms)
  Rendered /Users/Peter/.rvm/gems/ruby-2.3.1/gems/actionpack-4.2.3/lib/action_dispatch/middleware/templates/rescues/template_error.html.erb within rescues/layout (55.3ms)
  Rendered /Users/Peter/.rvm/gems/ruby-2.3.1/gems/web-console-2.2.1/lib/web_console/templates/_markup.html.erb (0.3ms)
  Rendered /Users/Peter/.rvm/gems/ruby-2.3.1/gems/web-console-2.2.1/lib/web_console/templates/_inner_console_markup.html.erb within layouts/inlined_string (0.3ms)
  Rendered /Users/Peter/.rvm/gems/ruby-2.3.1/gems/web-console-2.2.1/lib/web_console/templates/_prompt_box_markup.html.erb within layouts/inlined_string (0.3ms)
  Rendered /Users/Peter/.rvm/gems/ruby-2.3.1/gems/web-console-2.2.1/lib/web_console/templates/style.css.erb within layouts/inlined_string (0.2ms)
  Rendered /Users/Peter/.rvm/gems/ruby-2.3.1/gems/web-console-2.2.1/lib/web_console/templates/console.js.erb within layouts/javascript (41.0ms)
  Rendered /Users/Peter/.rvm/gems/ruby-2.3.1/gems/web-console-2.2.1/lib/web_console/templates/main.js.erb within layouts/javascript (0.3ms)
  Rendered /Users/Peter/.rvm/gems/ruby-2.3.1/gems/web-console-2.2.1/lib/web_console/templates/error_page.js.erb within layouts/javascript (0.3ms)
  Rendered /Users/Peter/.rvm/gems/ruby-2.3.1/gems/web-console-2.2.1/lib/web_console/templates/index.html.erb (90.0ms)
  [1m[36mStudent Load (1.8ms)[0m  [1mSELECT "students".* FROM "students"[0m
  [1m[35mStudent Load (0.2ms)[0m  SELECT  "students".* FROM "students"  ORDER BY "students"."id" ASC LIMIT 1


Started GET "/students" for ::1 at 2017-07-06 14:53:14 -0400
Processing by StudentsController#index as HTML
  [1m[36mStudent Load (0.3ms)[0m  [1mSELECT "students".* FROM "students"[0m


Started GET "/students" for ::1 at 2017-07-06 14:53:30 -0400
  [1m[36mActiveRecord::SchemaMigration Load (0.1ms)[0m  [1mSELECT "schema_migrations".* FROM "schema_migrations"[0m
Processing by StudentsController#index as HTML
  [1m[35mStudent Load (0.1ms)[0m  SELECT "students".* FROM "students"


Started GET "/students" for ::1 at 2017-07-06 14:54:14 -0400
  [1m[36mActiveRecord::SchemaMigration Load (0.1ms)[0m  [1mSELECT "schema_migrations".* FROM "schema_migrations"[0m
Processing by StudentsController#index as HTML
  [1m[35mStudent Load (0.2ms)[0m  SELECT "students".* FROM "students"


Started GET "/students" for ::1 at 2017-07-06 14:54:37 -0400
  [1m[36mActiveRecord::SchemaMigration Load (0.1ms)[0m  [1mSELECT "schema_migrations".* FROM "schema_migrations"[0m
Processing by StudentsController#index as HTML
  [1m[35mStudent Load (0.2ms)[0m  SELECT "students".* FROM "students"
  Rendered students/index.html.erb within layouts/application (10.4ms)
Completed 500 Internal Server Error in 30ms (ActiveRecord: 0.4ms)

ActionView::Template::Error (undefined method `+' for nil:NilClass):
    1: <h2>All Students: </h2>
    2: <% @students.each do |student| %>
    3: <%= link_to student.to_s, student_path(student)%>
    4: <% end %>
  app/models/student.rb:14:in `to_s'
  app/views/students/index.html.erb:3:in `block in _app_views_students_index_html_erb___2546516026647734339_70101906360400'
  app/views/students/index.html.erb:2:in `_app_views_students_index_html_erb___2546516026647734339_70101906360400'


  Rendered /Users/Peter/.rvm/gems/ruby-2.3.1/gems/actionpack-4.2.3/lib/action_dispatch/middleware/templates/rescues/_source.erb (5.2ms)
  Rendered /Users/Peter/.rvm/gems/ruby-2.3.1/gems/actionpack-4.2.3/lib/action_dispatch/middleware/templates/rescues/_trace.html.erb (2.0ms)
  Rendered /Users/Peter/.rvm/gems/ruby-2.3.1/gems/actionpack-4.2.3/lib/action_dispatch/middleware/templates/rescues/_request_and_response.html.erb (0.9ms)
  Rendered /Users/Peter/.rvm/gems/ruby-2.3.1/gems/actionpack-4.2.3/lib/action_dispatch/middleware/templates/rescues/template_error.html.erb within rescues/layout (51.8ms)
  Rendered /Users/Peter/.rvm/gems/ruby-2.3.1/gems/web-console-2.2.1/lib/web_console/templates/_markup.html.erb (0.3ms)
  Rendered /Users/Peter/.rvm/gems/ruby-2.3.1/gems/web-console-2.2.1/lib/web_console/templates/_inner_console_markup.html.erb within layouts/inlined_string (0.3ms)
  Rendered /Users/Peter/.rvm/gems/ruby-2.3.1/gems/web-console-2.2.1/lib/web_console/templates/_prompt_box_markup.html.erb within layouts/inlined_string (0.3ms)
  Rendered /Users/Peter/.rvm/gems/ruby-2.3.1/gems/web-console-2.2.1/lib/web_console/templates/style.css.erb within layouts/inlined_string (0.3ms)
  Rendered /Users/Peter/.rvm/gems/ruby-2.3.1/gems/web-console-2.2.1/lib/web_console/templates/console.js.erb within layouts/javascript (42.9ms)
  Rendered /Users/Peter/.rvm/gems/ruby-2.3.1/gems/web-console-2.2.1/lib/web_console/templates/main.js.erb within layouts/javascript (0.2ms)
  Rendered /Users/Peter/.rvm/gems/ruby-2.3.1/gems/web-console-2.2.1/lib/web_console/templates/error_page.js.erb within layouts/javascript (0.6ms)
  Rendered /Users/Peter/.rvm/gems/ruby-2.3.1/gems/web-console-2.2.1/lib/web_console/templates/index.html.erb (97.8ms)


Started GET "/student/1" for ::1 at 2017-07-06 14:54:46 -0400

ActionController::RoutingError (No route matches [GET] "/student/1"):
  actionpack (4.2.3) lib/action_dispatch/middleware/debug_exceptions.rb:21:in `call'
  web-console (2.2.1) lib/web_console/middleware.rb:39:in `call'
  actionpack (4.2.3) lib/action_dispatch/middleware/show_exceptions.rb:30:in `call'
  railties (4.2.3) lib/rails/rack/logger.rb:38:in `call_app'
  railties (4.2.3) lib/rails/rack/logger.rb:20:in `block in call'
  activesupport (4.2.3) lib/active_support/tagged_logging.rb:68:in `block in tagged'
  activesupport (4.2.3) lib/active_support/tagged_logging.rb:26:in `tagged'
  activesupport (4.2.3) lib/active_support/tagged_logging.rb:68:in `tagged'
  railties (4.2.3) lib/rails/rack/logger.rb:20:in `call'
  actionpack (4.2.3) lib/action_dispatch/middleware/request_id.rb:21:in `call'
  rack (1.6.4) lib/rack/methodoverride.rb:22:in `call'
  rack (1.6.4) lib/rack/runtime.rb:18:in `call'
  activesupport (4.2.3) lib/active_support/cache/strategy/local_cache_middleware.rb:28:in `call'
  rack (1.6.4) lib/rack/lock.rb:17:in `call'
  actionpack (4.2.3) lib/action_dispatch/middleware/static.rb:116:in `call'
  rack (1.6.4) lib/rack/sendfile.rb:113:in `call'
  railties (4.2.3) lib/rails/engine.rb:518:in `call'
  railties (4.2.3) lib/rails/application.rb:165:in `call'
  rack (1.6.4) lib/rack/lock.rb:17:in `call'
  rack (1.6.4) lib/rack/content_length.rb:15:in `call'
  rack (1.6.4) lib/rack/handler/webrick.rb:88:in `service'
  /Users/Peter/.rvm/rubies/ruby-2.3.1/lib/ruby/2.3.0/webrick/httpserver.rb:140:in `service'
  /Users/Peter/.rvm/rubies/ruby-2.3.1/lib/ruby/2.3.0/webrick/httpserver.rb:96:in `run'
  /Users/Peter/.rvm/rubies/ruby-2.3.1/lib/ruby/2.3.0/webrick/server.rb:296:in `block in start_thread'


  Rendered /Users/Peter/.rvm/gems/ruby-2.3.1/gems/actionpack-4.2.3/lib/action_dispatch/middleware/templates/rescues/_trace.html.erb (1.1ms)
  Rendered /Users/Peter/.rvm/gems/ruby-2.3.1/gems/actionpack-4.2.3/lib/action_dispatch/middleware/templates/routes/_route.html.erb (1.2ms)
  Rendered /Users/Peter/.rvm/gems/ruby-2.3.1/gems/actionpack-4.2.3/lib/action_dispatch/middleware/templates/routes/_table.html.erb (9.8ms)
  Rendered /Users/Peter/.rvm/gems/ruby-2.3.1/gems/actionpack-4.2.3/lib/action_dispatch/middleware/templates/rescues/_request_and_response.html.erb (1.1ms)
  Rendered /Users/Peter/.rvm/gems/ruby-2.3.1/gems/actionpack-4.2.3/lib/action_dispatch/middleware/templates/rescues/routing_error.html.erb within rescues/layout (78.8ms)
  Rendered /Users/Peter/.rvm/gems/ruby-2.3.1/gems/web-console-2.2.1/lib/web_console/templates/_markup.html.erb (0.3ms)
  Rendered /Users/Peter/.rvm/gems/ruby-2.3.1/gems/web-console-2.2.1/lib/web_console/templates/_inner_console_markup.html.erb within layouts/inlined_string (0.3ms)
  Rendered /Users/Peter/.rvm/gems/ruby-2.3.1/gems/web-console-2.2.1/lib/web_console/templates/_prompt_box_markup.html.erb within layouts/inlined_string (0.2ms)
  Rendered /Users/Peter/.rvm/gems/ruby-2.3.1/gems/web-console-2.2.1/lib/web_console/templates/style.css.erb within layouts/inlined_string (0.3ms)
  Rendered /Users/Peter/.rvm/gems/ruby-2.3.1/gems/web-console-2.2.1/lib/web_console/templates/console.js.erb within layouts/javascript (38.6ms)
  Rendered /Users/Peter/.rvm/gems/ruby-2.3.1/gems/web-console-2.2.1/lib/web_console/templates/main.js.erb within layouts/javascript (0.3ms)
  Rendered /Users/Peter/.rvm/gems/ruby-2.3.1/gems/web-console-2.2.1/lib/web_console/templates/error_page.js.erb within layouts/javascript (0.3ms)
  Rendered /Users/Peter/.rvm/gems/ruby-2.3.1/gems/web-console-2.2.1/lib/web_console/templates/index.html.erb (88.2ms)


Started GET "/students/new" for ::1 at 2017-07-06 14:54:53 -0400
Processing by StudentsController#new as HTML
  Rendered students/new.html.erb within layouts/application (9.0ms)
Completed 200 OK in 218ms (Views: 217.3ms | ActiveRecord: 0.0ms)


Started GET "/students" for ::1 at 2017-07-06 14:54:57 -0400
Processing by StudentsController#index as HTML
  [1m[36mStudent Load (0.1ms)[0m  [1mSELECT "students".* FROM "students"[0m
  Rendered students/index.html.erb within layouts/application (3.8ms)
Completed 500 Internal Server Error in 7ms (ActiveRecord: 0.1ms)

ActionView::Template::Error (undefined method `+' for nil:NilClass):
    1: <h2>All Students: </h2>
    2: <% @students.each do |student| %>
    3: <%= link_to student.to_s, student_path(student)%>
    4: <% end %>
  app/models/student.rb:14:in `to_s'
  app/views/students/index.html.erb:3:in `block in _app_views_students_index_html_erb___2546516026647734339_70101906360400'
  app/views/students/index.html.erb:2:in `_app_views_students_index_html_erb___2546516026647734339_70101906360400'


  Rendered /Users/Peter/.rvm/gems/ruby-2.3.1/gems/actionpack-4.2.3/lib/action_dispatch/middleware/templates/rescues/_source.erb (5.2ms)
  Rendered /Users/Peter/.rvm/gems/ruby-2.3.1/gems/actionpack-4.2.3/lib/action_dispatch/middleware/templates/rescues/_trace.html.erb (2.7ms)
  Rendered /Users/Peter/.rvm/gems/ruby-2.3.1/gems/actionpack-4.2.3/lib/action_dispatch/middleware/templates/rescues/_request_and_response.html.erb (0.8ms)
  Rendered /Users/Peter/.rvm/gems/ruby-2.3.1/gems/actionpack-4.2.3/lib/action_dispatch/middleware/templates/rescues/template_error.html.erb within rescues/layout (48.6ms)
  Rendered /Users/Peter/.rvm/gems/ruby-2.3.1/gems/web-console-2.2.1/lib/web_console/templates/_markup.html.erb (0.3ms)
  Rendered /Users/Peter/.rvm/gems/ruby-2.3.1/gems/web-console-2.2.1/lib/web_console/templates/_inner_console_markup.html.erb within layouts/inlined_string (0.4ms)
  Rendered /Users/Peter/.rvm/gems/ruby-2.3.1/gems/web-console-2.2.1/lib/web_console/templates/_prompt_box_markup.html.erb within layouts/inlined_string (0.3ms)
  Rendered /Users/Peter/.rvm/gems/ruby-2.3.1/gems/web-console-2.2.1/lib/web_console/templates/style.css.erb within layouts/inlined_string (0.2ms)
  Rendered /Users/Peter/.rvm/gems/ruby-2.3.1/gems/web-console-2.2.1/lib/web_console/templates/console.js.erb within layouts/javascript (41.2ms)
  Rendered /Users/Peter/.rvm/gems/ruby-2.3.1/gems/web-console-2.2.1/lib/web_console/templates/main.js.erb within layouts/javascript (0.3ms)
  Rendered /Users/Peter/.rvm/gems/ruby-2.3.1/gems/web-console-2.2.1/lib/web_console/templates/error_page.js.erb within layouts/javascript (0.4ms)
  Rendered /Users/Peter/.rvm/gems/ruby-2.3.1/gems/web-console-2.2.1/lib/web_console/templates/index.html.erb (88.8ms)


Started GET "/students" for ::1 at 2017-07-06 14:55:14 -0400
Processing by StudentsController#index as HTML
  [1m[35mStudent Load (0.2ms)[0m  SELECT "students".* FROM "students"
  Rendered students/index.html.erb within layouts/application (3.2ms)
Completed 500 Internal Server Error in 7ms (ActiveRecord: 0.2ms)

ActionView::Template::Error (undefined method `+' for nil:NilClass):
    1: <h2>All Students: </h2>
    2: <% @students.each do |student| %>
    3: <%= link_to (student.to_s), student_path(student)%>
    4: <% end %>
  app/models/student.rb:14:in `to_s'
  app/views/students/index.html.erb:3:in `block in _app_views_students_index_html_erb___2546516026647734339_70101919378740'
  app/views/students/index.html.erb:2:in `_app_views_students_index_html_erb___2546516026647734339_70101919378740'


  Rendered /Users/Peter/.rvm/gems/ruby-2.3.1/gems/actionpack-4.2.3/lib/action_dispatch/middleware/templates/rescues/_source.erb (4.5ms)
  Rendered /Users/Peter/.rvm/gems/ruby-2.3.1/gems/actionpack-4.2.3/lib/action_dispatch/middleware/templates/rescues/_trace.html.erb (2.5ms)
  Rendered /Users/Peter/.rvm/gems/ruby-2.3.1/gems/actionpack-4.2.3/lib/action_dispatch/middleware/templates/rescues/_request_and_response.html.erb (0.8ms)
  Rendered /Users/Peter/.rvm/gems/ruby-2.3.1/gems/actionpack-4.2.3/lib/action_dispatch/middleware/templates/rescues/template_error.html.erb within rescues/layout (48.7ms)
  Rendered /Users/Peter/.rvm/gems/ruby-2.3.1/gems/web-console-2.2.1/lib/web_console/templates/_markup.html.erb (0.3ms)
  Rendered /Users/Peter/.rvm/gems/ruby-2.3.1/gems/web-console-2.2.1/lib/web_console/templates/_inner_console_markup.html.erb within layouts/inlined_string (0.4ms)
  Rendered /Users/Peter/.rvm/gems/ruby-2.3.1/gems/web-console-2.2.1/lib/web_console/templates/_prompt_box_markup.html.erb within layouts/inlined_string (0.4ms)
  Rendered /Users/Peter/.rvm/gems/ruby-2.3.1/gems/web-console-2.2.1/lib/web_console/templates/style.css.erb within layouts/inlined_string (0.3ms)
  Rendered /Users/Peter/.rvm/gems/ruby-2.3.1/gems/web-console-2.2.1/lib/web_console/templates/console.js.erb within layouts/javascript (42.8ms)
  Rendered /Users/Peter/.rvm/gems/ruby-2.3.1/gems/web-console-2.2.1/lib/web_console/templates/main.js.erb within layouts/javascript (0.3ms)
  Rendered /Users/Peter/.rvm/gems/ruby-2.3.1/gems/web-console-2.2.1/lib/web_console/templates/error_page.js.erb within layouts/javascript (0.4ms)
  Rendered /Users/Peter/.rvm/gems/ruby-2.3.1/gems/web-console-2.2.1/lib/web_console/templates/index.html.erb (93.1ms)


Started GET "/students" for ::1 at 2017-07-06 14:56:12 -0400
Processing by StudentsController#index as HTML
  [1m[36mStudent Load (0.1ms)[0m  [1mSELECT "students".* FROM "students"[0m
  Rendered students/index.html.erb within layouts/application (3.2ms)
Completed 500 Internal Server Error in 7ms (ActiveRecord: 0.1ms)

ActionView::Template::Error (undefined method `+' for nil:NilClass):
    1: <h2>All Students: </h2>
    2: <% @students.each do |student| %>
    3: <%= link_to student, student_path(student) %>
    4: <% end %>
  app/models/student.rb:14:in `to_s'
  app/views/students/index.html.erb:3:in `block in _app_views_students_index_html_erb___2546516026647734339_70101901344420'
  app/views/students/index.html.erb:2:in `_app_views_students_index_html_erb___2546516026647734339_70101901344420'


  Rendered /Users/Peter/.rvm/gems/ruby-2.3.1/gems/actionpack-4.2.3/lib/action_dispatch/middleware/templates/rescues/_source.erb (4.8ms)
  Rendered /Users/Peter/.rvm/gems/ruby-2.3.1/gems/actionpack-4.2.3/lib/action_dispatch/middleware/templates/rescues/_trace.html.erb (2.9ms)
  Rendered /Users/Peter/.rvm/gems/ruby-2.3.1/gems/actionpack-4.2.3/lib/action_dispatch/middleware/templates/rescues/_request_and_response.html.erb (1.4ms)
  Rendered /Users/Peter/.rvm/gems/ruby-2.3.1/gems/actionpack-4.2.3/lib/action_dispatch/middleware/templates/rescues/template_error.html.erb within rescues/layout (50.9ms)
  Rendered /Users/Peter/.rvm/gems/ruby-2.3.1/gems/web-console-2.2.1/lib/web_console/templates/_markup.html.erb (0.4ms)
  Rendered /Users/Peter/.rvm/gems/ruby-2.3.1/gems/web-console-2.2.1/lib/web_console/templates/_inner_console_markup.html.erb within layouts/inlined_string (0.3ms)
  Rendered /Users/Peter/.rvm/gems/ruby-2.3.1/gems/web-console-2.2.1/lib/web_console/templates/_prompt_box_markup.html.erb within layouts/inlined_string (0.3ms)
  Rendered /Users/Peter/.rvm/gems/ruby-2.3.1/gems/web-console-2.2.1/lib/web_console/templates/style.css.erb within layouts/inlined_string (0.3ms)
  Rendered /Users/Peter/.rvm/gems/ruby-2.3.1/gems/web-console-2.2.1/lib/web_console/templates/console.js.erb within layouts/javascript (40.1ms)
  Rendered /Users/Peter/.rvm/gems/ruby-2.3.1/gems/web-console-2.2.1/lib/web_console/templates/main.js.erb within layouts/javascript (0.3ms)
  Rendered /Users/Peter/.rvm/gems/ruby-2.3.1/gems/web-console-2.2.1/lib/web_console/templates/error_page.js.erb within layouts/javascript (0.3ms)
  Rendered /Users/Peter/.rvm/gems/ruby-2.3.1/gems/web-console-2.2.1/lib/web_console/templates/index.html.erb (87.6ms)


Started GET "/students" for ::1 at 2017-07-06 14:56:41 -0400
Processing by StudentsController#index as HTML
  [1m[35mStudent Load (0.1ms)[0m  SELECT "students".* FROM "students"
  Rendered students/index.html.erb within layouts/application (1.2ms)
Completed 200 OK in 30ms (Views: 29.6ms | ActiveRecord: 0.1ms)


Started GET "/students/2" for ::1 at 2017-07-06 14:56:49 -0400
Processing by StudentsController#show as HTML
  Parameters: {"id"=>"2"}
  [1m[36mStudent Load (0.2ms)[0m  [1mSELECT  "students".* FROM "students" WHERE "students"."id" = ? LIMIT 1[0m  [["id", 2]]
  Rendered students/show.html.erb within layouts/application (0.4ms)
Completed 200 OK in 42ms (Views: 32.5ms | ActiveRecord: 0.2ms)


Started GET "/students/1" for ::1 at 2017-07-06 14:56:52 -0400
Processing by StudentsController#show as HTML
  Parameters: {"id"=>"1"}
  [1m[35mStudent Load (0.1ms)[0m  SELECT  "students".* FROM "students" WHERE "students"."id" = ? LIMIT 1  [["id", 1]]
  Rendered students/show.html.erb within layouts/application (0.1ms)
Completed 200 OK in 35ms (Views: 33.7ms | ActiveRecord: 0.1ms)


Started GET "/students/3" for ::1 at 2017-07-06 14:56:55 -0400
Processing by StudentsController#show as HTML
  Parameters: {"id"=>"3"}
  [1m[36mStudent Load (0.1ms)[0m  [1mSELECT  "students".* FROM "students" WHERE "students"."id" = ? LIMIT 1[0m  [["id", 3]]
  Rendered students/show.html.erb within layouts/application (0.1ms)
Completed 200 OK in 32ms (Views: 30.5ms | ActiveRecord: 0.1ms)


Started GET "/students/2" for ::1 at 2017-07-06 14:56:57 -0400
Processing by StudentsController#show as HTML
  Parameters: {"id"=>"2"}
  [1m[35mStudent Load (0.1ms)[0m  SELECT  "students".* FROM "students" WHERE "students"."id" = ? LIMIT 1  [["id", 2]]
  Rendered students/show.html.erb within layouts/application (0.1ms)
Completed 200 OK in 30ms (Views: 29.1ms | ActiveRecord: 0.1ms)


Started GET "/students" for ::1 at 2017-07-06 14:58:00 -0400
Processing by StudentsController#index as HTML
  [1m[36mStudent Load (0.3ms)[0m  [1mSELECT "students".* FROM "students"[0m
  Rendered students/index.html.erb within layouts/application (4.2ms)
Completed 200 OK in 38ms (Views: 35.2ms | ActiveRecord: 0.5ms)


Started GET "/students/1" for ::1 at 2017-07-06 14:58:02 -0400
Processing by StudentsController#show as HTML
  Parameters: {"id"=>"1"}
  [1m[35mStudent Load (0.1ms)[0m  SELECT  "students".* FROM "students" WHERE "students"."id" = ? LIMIT 1  [["id", 1]]
  Rendered students/show.html.erb within layouts/application (0.1ms)
Completed 200 OK in 32ms (Views: 30.4ms | ActiveRecord: 0.1ms)


Started GET "/students/3" for ::1 at 2017-07-06 14:58:04 -0400
Processing by StudentsController#show as HTML
  Parameters: {"id"=>"3"}
  [1m[36mStudent Load (0.1ms)[0m  [1mSELECT  "students".* FROM "students" WHERE "students"."id" = ? LIMIT 1[0m  [["id", 3]]
  Rendered students/show.html.erb within layouts/application (0.1ms)
Completed 200 OK in 35ms (Views: 33.8ms | ActiveRecord: 0.1ms)


Started GET "/school_classes/new" for ::1 at 2017-07-06 15:07:44 -0400
Processing by SchoolClassesController#new as HTML
  Rendered school_classes/new.html.erb within layouts/application (1.7ms)
Completed 200 OK in 41ms (Views: 35.9ms | ActiveRecord: 0.4ms)


Started GET "/school_classes/1" for ::1 at 2017-07-06 15:07:47 -0400
Processing by SchoolClassesController#show as HTML
  Parameters: {"id"=>"1"}
  [1m[35mSchoolClass Load (0.2ms)[0m  SELECT  "school_classes".* FROM "school_classes" WHERE "school_classes"."id" = ? LIMIT 1  [["id", 1]]
  Rendered school_classes/show.html.erb within layouts/application (0.4ms)
Completed 200 OK in 32ms (Views: 30.5ms | ActiveRecord: 0.2ms)


Started GET "/school_classes/1/edit" for ::1 at 2017-07-06 15:07:50 -0400
Processing by SchoolClassesController#edit as HTML
  Parameters: {"id"=>"1"}
  [1m[36mSchoolClass Load (0.1ms)[0m  [1mSELECT  "school_classes".* FROM "school_classes" WHERE "school_classes"."id" = ? LIMIT 1[0m  [["id", 1]]
  Rendered school_classes/edit.html.erb within layouts/application (0.9ms)
Completed 500 Internal Server Error in 5ms (ActiveRecord: 0.1ms)

SyntaxError (/Users/Peter/Development/rails-form_for-lab-web-060517/app/views/school_classes/edit.html.erb:2: syntax error, unexpected tIDENTIFIER, expecting keyword_end
...  form_for @school_class method: "put" do |f| @output_buffer...
...                               ^
/Users/Peter/Development/rails-form_for-lab-web-060517/app/views/school_classes/edit.html.erb:2: syntax error, unexpected keyword_do, expecting keyword_end
... @school_class method: "put" do |f| @output_buffer.safe_appe...
...                               ^
/Users/Peter/Development/rails-form_for-lab-web-060517/app/views/school_classes/edit.html.erb:8: syntax error, unexpected keyword_ensure, expecting end-of-input):
  app/views/school_classes/edit.html.erb:2: syntax error, unexpected tIDENTIFIER, expecting keyword_end
  app/views/school_classes/edit.html.erb:2: syntax error, unexpected keyword_do, expecting keyword_end
  app/views/school_classes/edit.html.erb:8: syntax error, unexpected keyword_ensure, expecting end-of-input


  Rendered /Users/Peter/.rvm/gems/ruby-2.3.1/gems/actionpack-4.2.3/lib/action_dispatch/middleware/templates/rescues/_source.erb (5.2ms)
  Rendered /Users/Peter/.rvm/gems/ruby-2.3.1/gems/actionpack-4.2.3/lib/action_dispatch/middleware/templates/rescues/_trace.html.erb (2.7ms)
  Rendered /Users/Peter/.rvm/gems/ruby-2.3.1/gems/actionpack-4.2.3/lib/action_dispatch/middleware/templates/rescues/_request_and_response.html.erb (0.8ms)
  Rendered /Users/Peter/.rvm/gems/ruby-2.3.1/gems/actionpack-4.2.3/lib/action_dispatch/middleware/templates/rescues/diagnostics.html.erb within rescues/layout (52.1ms)
  Rendered /Users/Peter/.rvm/gems/ruby-2.3.1/gems/web-console-2.2.1/lib/web_console/templates/_markup.html.erb (0.4ms)
  Rendered /Users/Peter/.rvm/gems/ruby-2.3.1/gems/web-console-2.2.1/lib/web_console/templates/_inner_console_markup.html.erb within layouts/inlined_string (0.4ms)
  Rendered /Users/Peter/.rvm/gems/ruby-2.3.1/gems/web-console-2.2.1/lib/web_console/templates/_prompt_box_markup.html.erb within layouts/inlined_string (0.3ms)
  Rendered /Users/Peter/.rvm/gems/ruby-2.3.1/gems/web-console-2.2.1/lib/web_console/templates/style.css.erb within layouts/inlined_string (0.3ms)
  Rendered /Users/Peter/.rvm/gems/ruby-2.3.1/gems/web-console-2.2.1/lib/web_console/templates/console.js.erb within layouts/javascript (41.5ms)
  Rendered /Users/Peter/.rvm/gems/ruby-2.3.1/gems/web-console-2.2.1/lib/web_console/templates/main.js.erb within layouts/javascript (0.4ms)
  Rendered /Users/Peter/.rvm/gems/ruby-2.3.1/gems/web-console-2.2.1/lib/web_console/templates/error_page.js.erb within layouts/javascript (0.4ms)
  Rendered /Users/Peter/.rvm/gems/ruby-2.3.1/gems/web-console-2.2.1/lib/web_console/templates/index.html.erb (91.9ms)


Started GET "/school_classes/1/edit" for ::1 at 2017-07-06 15:10:25 -0400
Processing by SchoolClassesController#edit as HTML
  Parameters: {"id"=>"1"}
  [1m[35mSchoolClass Load (0.1ms)[0m  SELECT  "school_classes".* FROM "school_classes" WHERE "school_classes"."id" = ? LIMIT 1  [["id", 1]]
  Rendered school_classes/edit.html.erb within layouts/application (4.4ms)
Completed 500 Internal Server Error in 8ms (ActiveRecord: 0.1ms)

ActionView::Template::Error (undefined method `merge' for "Ruby":String):
    1: <h2>School Class Form: </h2>
    2: <%= form_for @school_class, method: "put" do |f| %>
    3: Title: <%= f.text_field :title, @school_class.title %><br>
    4: Room Number: <%= f.text_field :room_number, @school_class.room_number %><br>
    5: <%= f.submit %>
    6: <% end %>
  app/views/school_classes/edit.html.erb:3:in `block in _app_views_school_classes_edit_html_erb__1163353043861429579_70101910520820'
  app/views/school_classes/edit.html.erb:2:in `_app_views_school_classes_edit_html_erb__1163353043861429579_70101910520820'


  Rendered /Users/Peter/.rvm/gems/ruby-2.3.1/gems/actionpack-4.2.3/lib/action_dispatch/middleware/templates/rescues/_source.erb (5.9ms)
  Rendered /Users/Peter/.rvm/gems/ruby-2.3.1/gems/actionpack-4.2.3/lib/action_dispatch/middleware/templates/rescues/_trace.html.erb (2.4ms)
  Rendered /Users/Peter/.rvm/gems/ruby-2.3.1/gems/actionpack-4.2.3/lib/action_dispatch/middleware/templates/rescues/_request_and_response.html.erb (0.8ms)
  Rendered /Users/Peter/.rvm/gems/ruby-2.3.1/gems/actionpack-4.2.3/lib/action_dispatch/middleware/templates/rescues/template_error.html.erb within rescues/layout (48.7ms)
  Rendered /Users/Peter/.rvm/gems/ruby-2.3.1/gems/web-console-2.2.1/lib/web_console/templates/_markup.html.erb (0.3ms)
  Rendered /Users/Peter/.rvm/gems/ruby-2.3.1/gems/web-console-2.2.1/lib/web_console/templates/_inner_console_markup.html.erb within layouts/inlined_string (0.4ms)
  Rendered /Users/Peter/.rvm/gems/ruby-2.3.1/gems/web-console-2.2.1/lib/web_console/templates/_prompt_box_markup.html.erb within layouts/inlined_string (0.3ms)
  Rendered /Users/Peter/.rvm/gems/ruby-2.3.1/gems/web-console-2.2.1/lib/web_console/templates/style.css.erb within layouts/inlined_string (0.3ms)
  Rendered /Users/Peter/.rvm/gems/ruby-2.3.1/gems/web-console-2.2.1/lib/web_console/templates/console.js.erb within layouts/javascript (40.2ms)
  Rendered /Users/Peter/.rvm/gems/ruby-2.3.1/gems/web-console-2.2.1/lib/web_console/templates/main.js.erb within layouts/javascript (0.2ms)
  Rendered /Users/Peter/.rvm/gems/ruby-2.3.1/gems/web-console-2.2.1/lib/web_console/templates/error_page.js.erb within layouts/javascript (0.6ms)
  Rendered /Users/Peter/.rvm/gems/ruby-2.3.1/gems/web-console-2.2.1/lib/web_console/templates/index.html.erb (94.7ms)


Started GET "/school_classes/1/edit" for ::1 at 2017-07-06 15:10:47 -0400
Processing by SchoolClassesController#edit as HTML
  Parameters: {"id"=>"1"}
  [1m[36mSchoolClass Load (0.1ms)[0m  [1mSELECT  "school_classes".* FROM "school_classes" WHERE "school_classes"."id" = ? LIMIT 1[0m  [["id", 1]]
  Rendered school_classes/edit.html.erb within layouts/application (1.8ms)
Completed 200 OK in 32ms (Views: 31.3ms | ActiveRecord: 0.1ms)


Started GET "/school_classes/1/edit" for ::1 at 2017-07-06 15:15:46 -0400
Processing by SchoolClassesController#edit as HTML
  Parameters: {"id"=>"1"}
  [1m[35mSchoolClass Load (0.1ms)[0m  SELECT  "school_classes".* FROM "school_classes" WHERE "school_classes"."id" = ? LIMIT 1  [["id", 1]]
  Rendered school_classes/edit.html.erb within layouts/application (1.1ms)
Completed 200 OK in 35ms (Views: 30.4ms | ActiveRecord: 0.4ms)


Started PUT "/school_classes/1" for ::1 at 2017-07-06 15:15:50 -0400
Processing by SchoolClassesController#update as HTML
  Parameters: {"utf8"=>"✓", "authenticity_token"=>"CCX1rCF7KlsfIzU4dcRgyO5esCy8Yjyp9O/E/ZZKLvN1tKGzvjwgzvAjdUgcwk7hzDGQyyoQffVTUfFpGcaZjw==", "school_class"=>{"title"=>"Ruby", "room_number"=>"12"}, "commit"=>"Update School class", "id"=>"1"}
  [1m[36mSchoolClass Load (0.1ms)[0m  [1mSELECT  "school_classes".* FROM "school_classes" WHERE "school_classes"."id" = ? LIMIT 1[0m  [["id", 1]]
  [1m[35m (0.1ms)[0m  begin transaction
  [1m[36mSQL (0.4ms)[0m  [1mUPDATE "school_classes" SET "title" = ?, "room_number" = ?, "updated_at" = ? WHERE "school_classes"."id" = ?[0m  [["title", nil], ["room_number", nil], ["updated_at", "2017-07-06 19:15:50.105977"], ["id", 1]]
  [1m[35m (1.3ms)[0m  commit transaction
Redirected to http://localhost:3000/school_classes/1
Completed 302 Found in 5ms (ActiveRecord: 1.9ms)


Started GET "/school_classes/1" for ::1 at 2017-07-06 15:15:50 -0400
Processing by SchoolClassesController#show as HTML
  Parameters: {"id"=>"1"}
  [1m[36mSchoolClass Load (0.1ms)[0m  [1mSELECT  "school_classes".* FROM "school_classes" WHERE "school_classes"."id" = ? LIMIT 1[0m  [["id", 1]]
  Rendered school_classes/show.html.erb within layouts/application (0.1ms)
Completed 200 OK in 30ms (Views: 28.9ms | ActiveRecord: 0.1ms)


Started GET "/school_classes" for ::1 at 2017-07-06 15:16:03 -0400
Processing by SchoolClassesController#index as HTML
  [1m[35mSchoolClass Load (0.1ms)[0m  SELECT "school_classes".* FROM "school_classes"
  Rendered school_classes/index.html.erb within layouts/application (1.0ms)
Completed 200 OK in 31ms (Views: 30.7ms | ActiveRecord: 0.1ms)


Started GET "/school_classes/1" for ::1 at 2017-07-06 15:16:09 -0400
Processing by SchoolClassesController#show as HTML
  Parameters: {"id"=>"1"}
  [1m[36mSchoolClass Load (0.1ms)[0m  [1mSELECT  "school_classes".* FROM "school_classes" WHERE "school_classes"."id" = ? LIMIT 1[0m  [["id", 1]]
  Rendered school_classes/show.html.erb within layouts/application (0.5ms)
Completed 200 OK in 38ms (Views: 36.9ms | ActiveRecord: 0.1ms)


Started GET "/school_classes" for ::1 at 2017-07-06 15:16:13 -0400
Processing by SchoolClassesController#index as HTML
  [1m[35mSchoolClass Load (0.3ms)[0m  SELECT "school_classes".* FROM "school_classes"
  Rendered school_classes/index.html.erb within layouts/application (1.5ms)
Completed 200 OK in 30ms (Views: 29.1ms | ActiveRecord: 0.3ms)


Started GET "/school_classes/new" for ::1 at 2017-07-06 15:17:30 -0400
Processing by SchoolClassesController#new as HTML
  Rendered school_classes/new.html.erb within layouts/application (0.8ms)
Completed 200 OK in 31ms (Views: 30.7ms | ActiveRecord: 0.0ms)


Started POST "/school_classes" for ::1 at 2017-07-06 15:17:39 -0400
Processing by SchoolClassesController#create as HTML
  Parameters: {"utf8"=>"✓", "authenticity_token"=>"qle2VP1vrbxI6VBjgUGHnd4+mHsPgrZQ7Q0acEfbMWnXxuJLYiinKafpEBPoR6m0/FG4nJnw9wxKsy/kyFeGFQ==", "school_class"=>{"title"=>"JavaScript", "room_number"=>"212"}, "commit"=>"Create School class"}
  [1m[36m (0.1ms)[0m  [1mbegin transaction[0m
  [1m[35mSQL (0.3ms)[0m  INSERT INTO "school_classes" ("title", "room_number", "created_at", "updated_at") VALUES (?, ?, ?, ?)  [["title", "JavaScript"], ["room_number", 212], ["created_at", "2017-07-06 19:17:39.171483"], ["updated_at", "2017-07-06 19:17:39.171483"]]
  [1m[36m (1.4ms)[0m  [1mcommit transaction[0m
Redirected to http://localhost:3000/school_classes/2
Completed 302 Found in 4ms (ActiveRecord: 1.8ms)


Started GET "/school_classes/2" for ::1 at 2017-07-06 15:17:39 -0400
Processing by SchoolClassesController#show as HTML
  Parameters: {"id"=>"2"}
  [1m[35mSchoolClass Load (0.1ms)[0m  SELECT  "school_classes".* FROM "school_classes" WHERE "school_classes"."id" = ? LIMIT 1  [["id", 2]]
  Rendered school_classes/show.html.erb within layouts/application (0.1ms)
Completed 200 OK in 30ms (Views: 28.9ms | ActiveRecord: 0.1ms)


Started GET "/school_classes" for ::1 at 2017-07-06 15:17:41 -0400
Processing by SchoolClassesController#index as HTML
  [1m[36mSchoolClass Load (0.1ms)[0m  [1mSELECT "school_classes".* FROM "school_classes"[0m
  Rendered school_classes/index.html.erb within layouts/application (0.7ms)
Completed 200 OK in 30ms (Views: 28.9ms | ActiveRecord: 0.1ms)


Started GET "/school_classes/1" for ::1 at 2017-07-06 15:17:49 -0400
Processing by SchoolClassesController#show as HTML
  Parameters: {"id"=>"1"}
  [1m[35mSchoolClass Load (0.1ms)[0m  SELECT  "school_classes".* FROM "school_classes" WHERE "school_classes"."id" = ? LIMIT 1  [["id", 1]]
  Rendered school_classes/show.html.erb within layouts/application (0.1ms)
Completed 200 OK in 38ms (Views: 37.0ms | ActiveRecord: 0.1ms)


Started GET "/school_classes" for ::1 at 2017-07-06 15:17:54 -0400
Processing by SchoolClassesController#index as HTML
  [1m[36mSchoolClass Load (0.1ms)[0m  [1mSELECT "school_classes".* FROM "school_classes"[0m
  Rendered school_classes/index.html.erb within layouts/application (0.7ms)
Completed 200 OK in 31ms (Views: 30.0ms | ActiveRecord: 0.1ms)


Started GET "/school_classes/2" for ::1 at 2017-07-06 15:18:02 -0400
Processing by SchoolClassesController#show as HTML
  Parameters: {"id"=>"2"}
  [1m[35mSchoolClass Load (0.1ms)[0m  SELECT  "school_classes".* FROM "school_classes" WHERE "school_classes"."id" = ? LIMIT 1  [["id", 2]]
  Rendered school_classes/show.html.erb within layouts/application (0.1ms)
Completed 200 OK in 33ms (Views: 32.0ms | ActiveRecord: 0.1ms)


Started GET "/school_classes" for ::1 at 2017-07-06 15:19:18 -0400
Processing by SchoolClassesController#index as HTML
  [1m[36mSchoolClass Load (0.3ms)[0m  [1mSELECT "school_classes".* FROM "school_classes"[0m
  Rendered school_classes/index.html.erb within layouts/application (3.2ms)
Completed 200 OK in 35ms (Views: 32.8ms | ActiveRecord: 0.5ms)


Started GET "/school_classes/2" for ::1 at 2017-07-06 15:19:19 -0400
Processing by SchoolClassesController#show as HTML
  Parameters: {"id"=>"2"}
  [1m[35mSchoolClass Load (0.1ms)[0m  SELECT  "school_classes".* FROM "school_classes" WHERE "school_classes"."id" = ? LIMIT 1  [["id", 2]]
  Rendered school_classes/show.html.erb within layouts/application (0.1ms)
Completed 200 OK in 32ms (Views: 30.5ms | ActiveRecord: 0.1ms)


Started GET "/school_classes/2/edit" for ::1 at 2017-07-06 15:19:23 -0400
Processing by SchoolClassesController#edit as HTML
  Parameters: {"id"=>"2"}
  [1m[36mSchoolClass Load (0.1ms)[0m  [1mSELECT  "school_classes".* FROM "school_classes" WHERE "school_classes"."id" = ? LIMIT 1[0m  [["id", 2]]
  Rendered school_classes/edit.html.erb within layouts/application (1.8ms)
Completed 200 OK in 38ms (Views: 36.6ms | ActiveRecord: 0.1ms)


Started PUT "/school_classes/2" for ::1 at 2017-07-06 15:19:25 -0400
Processing by SchoolClassesController#update as HTML
  Parameters: {"utf8"=>"✓", "authenticity_token"=>"jtORjd7hrKE+YWrOtZb3hiUdDJSFPMP0MRnDWzjmVkPzQsWSQaamNNFhKr7ckNmvB3IscxNOgqiWp/bPt2rhPw==", "school_class"=>{"title"=>"JavaScript", "room_number"=>"213"}, "commit"=>"Update School class", "id"=>"2"}
  [1m[35mSchoolClass Load (0.1ms)[0m  SELECT  "school_classes".* FROM "school_classes" WHERE "school_classes"."id" = ? LIMIT 1  [["id", 2]]
  [1m[36m (0.1ms)[0m  [1mbegin transaction[0m
  [1m[35mSQL (0.5ms)[0m  UPDATE "school_classes" SET "title" = ?, "room_number" = ?, "updated_at" = ? WHERE "school_classes"."id" = ?  [["title", nil], ["room_number", nil], ["updated_at", "2017-07-06 19:19:25.541023"], ["id", 2]]
  [1m[36m (1.2ms)[0m  [1mcommit transaction[0m
Redirected to http://localhost:3000/school_classes/2
Completed 302 Found in 5ms (ActiveRecord: 1.8ms)


Started GET "/school_classes/2" for ::1 at 2017-07-06 15:19:25 -0400
Processing by SchoolClassesController#show as HTML
  Parameters: {"id"=>"2"}
  [1m[35mSchoolClass Load (0.1ms)[0m  SELECT  "school_classes".* FROM "school_classes" WHERE "school_classes"."id" = ? LIMIT 1  [["id", 2]]
  Rendered school_classes/show.html.erb within layouts/application (0.1ms)
Completed 200 OK in 30ms (Views: 29.1ms | ActiveRecord: 0.1ms)


Started GET "/school_classes" for ::1 at 2017-07-06 15:19:32 -0400
Processing by SchoolClassesController#index as HTML
  [1m[36mSchoolClass Load (0.2ms)[0m  [1mSELECT "school_classes".* FROM "school_classes"[0m
  Rendered school_classes/index.html.erb within layouts/application (0.8ms)
Completed 200 OK in 30ms (Views: 29.8ms | ActiveRecord: 0.2ms)


Started GET "/school_classes/1/edit" for ::1 at 2017-07-06 15:21:17 -0400
Processing by SchoolClassesController#edit as HTML
  Parameters: {"id"=>"1"}
  [1m[35mSchoolClass Load (0.1ms)[0m  SELECT  "school_classes".* FROM "school_classes" WHERE "school_classes"."id" = ? LIMIT 1  [["id", 1]]
  Rendered school_classes/edit.html.erb within layouts/application (1.2ms)
Completed 200 OK in 41ms (Views: 36.3ms | ActiveRecord: 0.4ms)


Started GET "/school_classes/2/edit" for ::1 at 2017-07-06 15:21:26 -0400
Processing by SchoolClassesController#edit as HTML
  Parameters: {"id"=>"2"}
  [1m[36mSchoolClass Load (0.1ms)[0m  [1mSELECT  "school_classes".* FROM "school_classes" WHERE "school_classes"."id" = ? LIMIT 1[0m  [["id", 2]]
  Rendered school_classes/edit.html.erb within layouts/application (0.8ms)
Completed 200 OK in 33ms (Views: 32.0ms | ActiveRecord: 0.1ms)


Started GET "/school_classes" for ::1 at 2017-07-06 15:21:30 -0400
Processing by SchoolClassesController#index as HTML
  [1m[35mSchoolClass Load (0.2ms)[0m  SELECT "school_classes".* FROM "school_classes"
  Rendered school_classes/index.html.erb within layouts/application (0.8ms)
Completed 200 OK in 32ms (Views: 30.8ms | ActiveRecord: 0.2ms)


Started GET "/school_classes/2" for ::1 at 2017-07-06 15:21:31 -0400
Processing by SchoolClassesController#show as HTML
  Parameters: {"id"=>"2"}
  [1m[36mSchoolClass Load (0.1ms)[0m  [1mSELECT  "school_classes".* FROM "school_classes" WHERE "school_classes"."id" = ? LIMIT 1[0m  [["id", 2]]
  Rendered school_classes/show.html.erb within layouts/application (0.1ms)
Completed 200 OK in 29ms (Views: 28.4ms | ActiveRecord: 0.1ms)


Started GET "/school_classes/1/edit" for ::1 at 2017-07-06 15:21:49 -0400
Processing by SchoolClassesController#edit as HTML
  Parameters: {"id"=>"1"}
  [1m[35mSchoolClass Load (0.1ms)[0m  SELECT  "school_classes".* FROM "school_classes" WHERE "school_classes"."id" = ? LIMIT 1  [["id", 1]]
  Rendered school_classes/edit.html.erb within layouts/application (0.7ms)
Completed 200 OK in 32ms (Views: 30.5ms | ActiveRecord: 0.1ms)


Started PUT "/school_classes/1" for ::1 at 2017-07-06 15:21:54 -0400
Processing by SchoolClassesController#update as HTML
  Parameters: {"utf8"=>"✓", "authenticity_token"=>"AXOLlm5esCgr3MZOqC1OOxBINx5P/Zqb3y7cvTFIlLB84t+J8Rm6vcTchj7BK2ASMicX+dmP28d4kOkpvsQjzA==", "school_class"=>{"title"=>"Ruby", "room_number"=>"212"}, "commit"=>"Update School class", "id"=>"1"}
  [1m[36mSchoolClass Load (0.1ms)[0m  [1mSELECT  "school_classes".* FROM "school_classes" WHERE "school_classes"."id" = ? LIMIT 1[0m  [["id", 1]]
  [1m[35m (0.0ms)[0m  begin transaction
  [1m[36mSQL (0.3ms)[0m  [1mUPDATE "school_classes" SET "title" = ?, "room_number" = ?, "updated_at" = ? WHERE "school_classes"."id" = ?[0m  [["title", "Ruby"], ["room_number", 212], ["updated_at", "2017-07-06 19:21:54.170723"], ["id", 1]]
  [1m[35m (1.4ms)[0m  commit transaction
Redirected to http://localhost:3000/school_classes/1


Started GET "/school_classes" for ::1 at 2017-07-06 15:22:23 -0400
  [1m[36mActiveRecord::SchemaMigration Load (0.1ms)[0m  [1mSELECT "schema_migrations".* FROM "schema_migrations"[0m
Processing by SchoolClassesController#index as HTML
  [1m[35mSchoolClass Load (0.2ms)[0m  SELECT "school_classes".* FROM "school_classes"
  Rendered school_classes/index.html.erb within layouts/application (6.6ms)
Completed 200 OK in 213ms (Views: 202.3ms | ActiveRecord: 0.4ms)


Started GET "/school_classes/2" for ::1 at 2017-07-06 15:22:25 -0400
Processing by SchoolClassesController#show as HTML
  Parameters: {"id"=>"2"}
  [1m[36mSchoolClass Load (0.2ms)[0m  [1mSELECT  "school_classes".* FROM "school_classes" WHERE "school_classes"."id" = ? LIMIT 1[0m  [["id", 2]]
  Rendered school_classes/show.html.erb within layouts/application (0.4ms)
Completed 200 OK in 44ms (Views: 33.3ms | ActiveRecord: 0.2ms)


Started GET "/school_classes/2/edit" for ::1 at 2017-07-06 15:22:29 -0400
Processing by SchoolClassesController#edit as HTML
  Parameters: {"id"=>"2"}
  [1m[35mSchoolClass Load (0.1ms)[0m  SELECT  "school_classes".* FROM "school_classes" WHERE "school_classes"."id" = ? LIMIT 1  [["id", 2]]
  Rendered school_classes/edit.html.erb within layouts/application (16.6ms)
Completed 200 OK in 65ms (Views: 63.6ms | ActiveRecord: 0.1ms)


Started PUT "/school_classes/2" for ::1 at 2017-07-06 15:22:38 -0400
Processing by SchoolClassesController#update as HTML
  Parameters: {"utf8"=>"✓", "authenticity_token"=>"teL2v2ntDhN7v8QR0ZG6gLX+jYuXi+W9mSHPDnR19t7Ic6Kg9qoEhpS/hGG4l5Spl5GtbAH5pOE+n/qa+/lBog==", "school_class"=>{"title"=>"JavaScript", "room_number"=>"215"}, "commit"=>"Update School class", "id"=>"2"}
  [1m[36mSchoolClass Load (0.1ms)[0m  [1mSELECT  "school_classes".* FROM "school_classes" WHERE "school_classes"."id" = ? LIMIT 1[0m  [["id", 2]]
  [1m[35m (0.1ms)[0m  begin transaction
  [1m[36mSQL (0.6ms)[0m  [1mUPDATE "school_classes" SET "title" = ?, "room_number" = ?, "updated_at" = ? WHERE "school_classes"."id" = ?[0m  [["title", "JavaScript"], ["room_number", 215], ["updated_at", "2017-07-06 19:22:38.761386"], ["id", 2]]
  [1m[35m (1.5ms)[0m  commit transaction
Redirected to http://localhost:3000/school_classes/2
Completed 302 Found in 8ms (ActiveRecord: 2.2ms)


Started GET "/school_classes/2" for ::1 at 2017-07-06 15:22:38 -0400
Processing by SchoolClassesController#show as HTML
  Parameters: {"id"=>"2"}
  [1m[36mSchoolClass Load (0.1ms)[0m  [1mSELECT  "school_classes".* FROM "school_classes" WHERE "school_classes"."id" = ? LIMIT 1[0m  [["id", 2]]
  Rendered school_classes/show.html.erb within layouts/application (0.4ms)
Completed 200 OK in 47ms (Views: 46.2ms | ActiveRecord: 0.1ms)


Started GET "/school_classes" for ::1 at 2017-07-06 15:22:41 -0400
Processing by SchoolClassesController#index as HTML
  [1m[35mSchoolClass Load (0.1ms)[0m  SELECT "school_classes".* FROM "school_classes"
  Rendered school_classes/index.html.erb within layouts/application (0.7ms)
Completed 200 OK in 39ms (Views: 38.9ms | ActiveRecord: 0.1ms)


Started GET "/students" for ::1 at 2017-07-06 15:27:01 -0400
Processing by StudentsController#index as HTML
  [1m[36mStudent Load (0.2ms)[0m  [1mSELECT "students".* FROM "students"[0m
  Rendered students/index.html.erb within layouts/application (4.0ms)
Completed 200 OK in 40ms (Views: 37.6ms | ActiveRecord: 0.5ms)


Started GET "/students/1/edit" for ::1 at 2017-07-06 15:27:06 -0400
Processing by StudentsController#edit as HTML
  Parameters: {"id"=>"1"}
  [1m[35mStudent Load (0.1ms)[0m  SELECT  "students".* FROM "students" WHERE "students"."id" = ? LIMIT 1  [["id", 1]]
  Rendered students/edit.html.erb within layouts/application (1.8ms)
Completed 200 OK in 29ms (Views: 27.7ms | ActiveRecord: 0.1ms)


Started PUT "/students/1" for ::1 at 2017-07-06 15:27:13 -0400
Processing by StudentsController#update as HTML
  Parameters: {"utf8"=>"✓", "authenticity_token"=>"ybOSyRzGpAnsHx9GXqGweioTHpr8iW2aQYuA0LeKa8e0IsbWg4GunAMfXzY3p55TCHw+fWr7LMbmNbVEOAbcuw==", "student"=>{"first_name"=>"Vanessa", "last_name"=>"Hudgens"}, "commit"=>"Update Student", "id"=>"1"}
  [1m[36mStudent Load (0.1ms)[0m  [1mSELECT  "students".* FROM "students" WHERE "students"."id" = ? LIMIT 1[0m  [["id", 1]]
Completed 500 Internal Server Error in 12ms (ActiveRecord: 0.1ms)

NoMethodError (undefined method `params_params' for #<StudentsController:0x007f86160e9a90>):
  app/controllers/students_controller.rb:26:in `update'


  Rendered /Users/Peter/.rvm/gems/ruby-2.3.1/gems/actionpack-4.2.3/lib/action_dispatch/middleware/templates/rescues/_source.erb (3.8ms)
  Rendered /Users/Peter/.rvm/gems/ruby-2.3.1/gems/actionpack-4.2.3/lib/action_dispatch/middleware/templates/rescues/_trace.html.erb (1.9ms)
  Rendered /Users/Peter/.rvm/gems/ruby-2.3.1/gems/actionpack-4.2.3/lib/action_dispatch/middleware/templates/rescues/_request_and_response.html.erb (0.9ms)
  Rendered /Users/Peter/.rvm/gems/ruby-2.3.1/gems/actionpack-4.2.3/lib/action_dispatch/middleware/templates/rescues/diagnostics.html.erb within rescues/layout (54.4ms)
  Rendered /Users/Peter/.rvm/gems/ruby-2.3.1/gems/web-console-2.2.1/lib/web_console/templates/_markup.html.erb (0.3ms)
  Rendered /Users/Peter/.rvm/gems/ruby-2.3.1/gems/web-console-2.2.1/lib/web_console/templates/_inner_console_markup.html.erb within layouts/inlined_string (0.3ms)
  Rendered /Users/Peter/.rvm/gems/ruby-2.3.1/gems/web-console-2.2.1/lib/web_console/templates/_prompt_box_markup.html.erb within layouts/inlined_string (0.3ms)
  Rendered /Users/Peter/.rvm/gems/ruby-2.3.1/gems/web-console-2.2.1/lib/web_console/templates/style.css.erb within layouts/inlined_string (0.4ms)
  Rendered /Users/Peter/.rvm/gems/ruby-2.3.1/gems/web-console-2.2.1/lib/web_console/templates/console.js.erb within layouts/javascript (42.1ms)
  Rendered /Users/Peter/.rvm/gems/ruby-2.3.1/gems/web-console-2.2.1/lib/web_console/templates/main.js.erb within layouts/javascript (0.3ms)
  Rendered /Users/Peter/.rvm/gems/ruby-2.3.1/gems/web-console-2.2.1/lib/web_console/templates/error_page.js.erb within layouts/javascript (0.4ms)
  Rendered /Users/Peter/.rvm/gems/ruby-2.3.1/gems/web-console-2.2.1/lib/web_console/templates/index.html.erb (95.6ms)


Started GET "/students/1" for ::1 at 2017-07-06 15:27:37 -0400
Processing by StudentsController#show as HTML
  Parameters: {"id"=>"1"}
  [1m[35mStudent Load (0.1ms)[0m  SELECT  "students".* FROM "students" WHERE "students"."id" = ? LIMIT 1  [["id", 1]]
  Rendered students/show.html.erb within layouts/application (0.5ms)
Completed 200 OK in 41ms (Views: 35.8ms | ActiveRecord: 0.4ms)


Started GET "/students/1/edit" for ::1 at 2017-07-06 15:27:40 -0400
Processing by StudentsController#edit as HTML
  Parameters: {"id"=>"1"}
  [1m[36mStudent Load (0.1ms)[0m  [1mSELECT  "students".* FROM "students" WHERE "students"."id" = ? LIMIT 1[0m  [["id", 1]]
  Rendered students/edit.html.erb within layouts/application (1.1ms)
Completed 200 OK in 31ms (Views: 29.6ms | ActiveRecord: 0.1ms)


Started PUT "/students/1" for ::1 at 2017-07-06 15:27:43 -0400
Processing by StudentsController#update as HTML
  Parameters: {"utf8"=>"✓", "authenticity_token"=>"1tf2a4Lf0h74CC7u0VHbPj+WaJiwT1NGE9/oNu34pFurRqJ0HZjYixcIbp64V/UXHflIfyY9Ehq0Yd2iYnQTJw==", "student"=>{"first_name"=>"Vanessa", "last_name"=>"Hudgens"}, "commit"=>"Update Student", "id"=>"1"}
  [1m[35mStudent Load (0.1ms)[0m  SELECT  "students".* FROM "students" WHERE "students"."id" = ? LIMIT 1  [["id", 1]]
  [1m[36m (0.1ms)[0m  [1mbegin transaction[0m
  [1m[35mSQL (0.3ms)[0m  UPDATE "students" SET "first_name" = ?, "updated_at" = ? WHERE "students"."id" = ?  [["first_name", "Vanessa"], ["updated_at", "2017-07-06 19:27:43.805564"], ["id", 1]]
  [1m[36m (1.3ms)[0m  [1mcommit transaction[0m
Redirected to http://localhost:3000/students/1
Completed 302 Found in 4ms (ActiveRecord: 1.7ms)


Started GET "/students/1" for ::1 at 2017-07-06 15:27:43 -0400
Processing by StudentsController#show as HTML
  Parameters: {"id"=>"1"}
  [1m[35mStudent Load (0.1ms)[0m  SELECT  "students".* FROM "students" WHERE "students"."id" = ? LIMIT 1  [["id", 1]]
  Rendered students/show.html.erb within layouts/application (0.1ms)
Completed 200 OK in 30ms (Views: 28.9ms | ActiveRecord: 0.1ms)


Started GET "/students" for ::1 at 2017-07-06 15:27:46 -0400
Processing by StudentsController#index as HTML
  [1m[36mStudent Load (0.1ms)[0m  [1mSELECT "students".* FROM "students"[0m
  Rendered students/index.html.erb within layouts/application (0.8ms)
Completed 200 OK in 30ms (Views: 29.2ms | ActiveRecord: 0.1ms)
